{'algo': 'ppo',
 'device': 'cuda',
 'episode_length': 500,
 'game_name': 'olympics-running',
 'load_episode': 900,
 'load_model': False,
 'load_run': 2,
 'map': 5,
 'max_episodes': 1500,
 'render': False,
 'save_interval': 100,
 'seed': 1,
 'shuffle_map': False}
Total agent number: 2
Agent control by the actor: 1
Game board width: 700
Game board height: 700
action dimension: [[Box(-100.0, 200.0, (1,), float32), Box(-30.0, 30.0, (1,), float32)], [Box(-100.0, 200.0, (1,), float32), Box(-30.0, 30.0, (1,), float32)]]
observation dimension: 625
store in /dssg/home/acct-stu/stu486/OlympicsProject/rl_trainer/models/olympics-running/ppo/run5
Episode:  1 controlled agent:  1 ; Episode Return:  -333.0 ; win rate(coFntrolled & opponent):  1.00 0.00 ; Trained episode: 0
Episode:  2 controlled agent:  1 ; Episode Return:  -499.0 ; win rate(coFntrolled & opponent):  0.50 0.00 ; Trained episode: 1
Episode:  3 controlled agent:  1 ; Episode Return:  -499.0 ; win rate(coFntrolled & opponent):  0.33 0.00 ; Trained episode: 1
Episode:  4 controlled agent:  1 ; Episode Return:  -499.0 ; win rate(coFntrolled & opponent):  0.25 0.00 ; Trained episode: 1
Episode:  5 controlled agent:  1 ; Episode Return:  -499.0 ; win rate(coFntrolled & opponent):  0.20 0.00 ; Trained episode: 1
Episode:  6 controlled agent:  1 ; Episode Return:  -499.0 ; win rate(coFntrolled & opponent):  0.17 0.00 ; Trained episode: 1
Episode:  7 controlled agent:  1 ; Episode Return:  -424.0 ; win rate(coFntrolled & opponent):  0.14 0.14 ; Trained episode: 1
Episode:  8 controlled agent:  1 ; Episode Return:  -499.0 ; win rate(coFntrolled & opponent):  0.12 0.12 ; Trained episode: 1
Episode:  9 controlled agent:  1 ; Episode Return:  -195.0 ; win rate(coFntrolled & opponent):  0.11 0.22 ; Trained episode: 1
Episode:  10 controlled agent:  1 ; Episode Return:  -499.0 ; win rate(coFntrolled & opponent):  0.10 0.20 ; Trained episode: 1
Episode:  11 controlled agent:  1 ; Episode Return:  -499.0 ; win rate(coFntrolled & opponent):  0.09 0.18 ; Trained episode: 1
Episode:  12 controlled agent:  1 ; Episode Return:  -499.0 ; win rate(coFntrolled & opponent):  0.08 0.17 ; Trained episode: 1
Episode:  13 controlled agent:  1 ; Episode Return:  -499.0 ; win rate(coFntrolled & opponent):  0.08 0.15 ; Trained episode: 1
Episode:  14 controlled agent:  1 ; Episode Return:  -499.0 ; win rate(coFntrolled & opponent):  0.07 0.14 ; Trained episode: 1
Episode:  15 controlled agent:  1 ; Episode Return:  -471.0 ; win rate(coFntrolled & opponent):  0.07 0.20 ; Trained episode: 1
Episode:  16 controlled agent:  1 ; Episode Return:  -499.0 ; win rate(coFntrolled & opponent):  0.06 0.19 ; Trained episode: 1
Episode:  17 controlled agent:  1 ; Episode Return:  -290.0 ; win rate(coFntrolled & opponent):  0.06 0.24 ; Trained episode: 1
Episode:  18 controlled agent:  1 ; Episode Return:  -499.0 ; win rate(coFntrolled & opponent):  0.06 0.22 ; Trained episode: 1
Episode:  19 controlled agent:  1 ; Episode Return:  -499.0 ; win rate(coFntrolled & opponent):  0.05 0.21 ; Trained episode: 1
Episode:  20 controlled agent:  1 ; Episode Return:  -499.0 ; win rate(coFntrolled & opponent):  0.05 0.20 ; Trained episode: 1
Episode:  21 controlled agent:  1 ; Episode Return:  -499.0 ; win rate(coFntrolled & opponent):  0.05 0.19 ; Trained episode: 1
Episode:  22 controlled agent:  1 ; Episode Return:  -499.0 ; win rate(coFntrolled & opponent):  0.05 0.18 ; Trained episode: 1
Episode:  23 controlled agent:  1 ; Episode Return:  -499.0 ; win rate(coFntrolled & opponent):  0.04 0.17 ; Trained episode: 1
Episode:  24 controlled agent:  1 ; Episode Return:  -499.0 ; win rate(coFntrolled & opponent):  0.04 0.17 ; Trained episode: 1
Episode:  25 controlled agent:  1 ; Episode Return:  -499.0 ; win rate(coFntrolled & opponent):  0.04 0.16 ; Trained episode: 1
Episode:  26 controlled agent:  1 ; Episode Return:  -499.0 ; win rate(coFntrolled & opponent):  0.04 0.15 ; Trained episode: 1
Episode:  27 controlled agent:  1 ; Episode Return:  -374.0 ; win rate(coFntrolled & opponent):  0.04 0.19 ; Trained episode: 1
Episode:  28 controlled agent:  1 ; Episode Return:  -499.0 ; win rate(coFntrolled & opponent):  0.04 0.18 ; Trained episode: 1
Episode:  29 controlled agent:  1 ; Episode Return:  -499.0 ; win rate(coFntrolled & opponent):  0.03 0.17 ; Trained episode: 1
Episode:  30 controlled agent:  1 ; Episode Return:  -499.0 ; win rate(coFntrolled & opponent):  0.03 0.17 ; Trained episode: 1
Episode:  31 controlled agent:  1 ; Episode Return:  -499.0 ; win rate(coFntrolled & opponent):  0.03 0.16 ; Trained episode: 1
Episode:  32 controlled agent:  1 ; Episode Return:  -499.0 ; win rate(coFntrolled & opponent):  0.03 0.16 ; Trained episode: 1
Episode:  33 controlled agent:  1 ; Episode Return:  -499.0 ; win rate(coFntrolled & opponent):  0.03 0.15 ; Trained episode: 1
Episode:  34 controlled agent:  1 ; Episode Return:  -360.0 ; win rate(coFntrolled & opponent):  0.03 0.18 ; Trained episode: 1
Episode:  35 controlled agent:  1 ; Episode Return:  -499.0 ; win rate(coFntrolled & opponent):  0.03 0.17 ; Trained episode: 1
Episode:  36 controlled agent:  1 ; Episode Return:  -499.0 ; win rate(coFntrolled & opponent):  0.03 0.17 ; Trained episode: 1
Episode:  37 controlled agent:  1 ; Episode Return:  -499.0 ; win rate(coFntrolled & opponent):  0.03 0.16 ; Trained episode: 1
Episode:  38 controlled agent:  1 ; Episode Return:  -499.0 ; win rate(coFntrolled & opponent):  0.03 0.16 ; Trained episode: 1
Episode:  39 controlled agent:  1 ; Episode Return:  -499.0 ; win rate(coFntrolled & opponent):  0.03 0.15 ; Trained episode: 1
Episode:  40 controlled agent:  1 ; Episode Return:  -328.0 ; win rate(coFntrolled & opponent):  0.03 0.17 ; Trained episode: 1
Episode:  41 controlled agent:  1 ; Episode Return:  -499.0 ; win rate(coFntrolled & opponent):  0.02 0.17 ; Trained episode: 1
Episode:  42 controlled agent:  1 ; Episode Return:  -499.0 ; win rate(coFntrolled & opponent):  0.02 0.17 ; Trained episode: 1
Episode:  43 controlled agent:  1 ; Episode Return:  -499.0 ; win rate(coFntrolled & opponent):  0.02 0.16 ; Trained episode: 1
Episode:  44 controlled agent:  1 ; Episode Return:  -499.0 ; win rate(coFntrolled & opponent):  0.02 0.16 ; Trained episode: 1
Episode:  45 controlled agent:  1 ; Episode Return:  -499.0 ; win rate(coFntrolled & opponent):  0.02 0.16 ; Trained episode: 1
Episode:  46 controlled agent:  1 ; Episode Return:  -499.0 ; win rate(coFntrolled & opponent):  0.02 0.15 ; Trained episode: 1
Episode:  47 controlled agent:  1 ; Episode Return:  -499.0 ; win rate(coFntrolled & opponent):  0.02 0.15 ; Trained episode: 1
Episode:  48 controlled agent:  1 ; Episode Return:  -499.0 ; win rate(coFntrolled & opponent):  0.02 0.15 ; Trained episode: 1
Episode:  49 controlled agent:  1 ; Episode Return:  -499.0 ; win rate(coFntrolled & opponent):  0.02 0.14 ; Trained episode: 1
Episode:  50 controlled agent:  1 ; Episode Return:  -336.0 ; win rate(coFntrolled & opponent):  0.04 0.14 ; Trained episode: 1
Episode:  51 controlled agent:  1 ; Episode Return:  -499.0 ; win rate(coFntrolled & opponent):  0.04 0.14 ; Trained episode: 2
Episode:  52 controlled agent:  1 ; Episode Return:  -499.0 ; win rate(coFntrolled & opponent):  0.04 0.13 ; Trained episode: 2
Episode:  53 controlled agent:  1 ; Episode Return:  -270.0 ; win rate(coFntrolled & opponent):  0.06 0.13 ; Trained episode: 2
Episode:  54 controlled agent:  1 ; Episode Return:  -499.0 ; win rate(coFntrolled & opponent):  0.06 0.13 ; Trained episode: 3
Episode:  55 controlled agent:  1 ; Episode Return:  -499.0 ; win rate(coFntrolled & opponent):  0.05 0.13 ; Trained episode: 3
Episode:  56 controlled agent:  1 ; Episode Return:  -499.0 ; win rate(coFntrolled & opponent):  0.05 0.12 ; Trained episode: 3
Episode:  57 controlled agent:  1 ; Episode Return:  -499.0 ; win rate(coFntrolled & opponent):  0.05 0.12 ; Trained episode: 3
Episode:  58 controlled agent:  1 ; Episode Return:  -499.0 ; win rate(coFntrolled & opponent):  0.05 0.12 ; Trained episode: 3
Episode:  59 controlled agent:  1 ; Episode Return:  -437.0 ; win rate(coFntrolled & opponent):  0.05 0.14 ; Trained episode: 3
Episode:  60 controlled agent:  1 ; Episode Return:  -213.0 ; win rate(coFntrolled & opponent):  0.07 0.13 ; Trained episode: 3
Episode:  61 controlled agent:  1 ; Episode Return:  -277.0 ; win rate(coFntrolled & opponent):  0.08 0.13 ; Trained episode: 4
Episode:  62 controlled agent:  1 ; Episode Return:  -499.0 ; win rate(coFntrolled & opponent):  0.08 0.13 ; Trained episode: 5
Episode:  63 controlled agent:  1 ; Episode Return:  -499.0 ; win rate(coFntrolled & opponent):  0.08 0.13 ; Trained episode: 5
Episode:  64 controlled agent:  1 ; Episode Return:  -499.0 ; win rate(coFntrolled & opponent):  0.08 0.12 ; Trained episode: 5
Episode:  65 controlled agent:  1 ; Episode Return:  -320.0 ; win rate(coFntrolled & opponent):  0.09 0.12 ; Trained episode: 5
Episode:  66 controlled agent:  1 ; Episode Return:  -499.0 ; win rate(coFntrolled & opponent):  0.09 0.12 ; Trained episode: 6
Episode:  67 controlled agent:  1 ; Episode Return:  -174.0 ; win rate(coFntrolled & opponent):  0.10 0.12 ; Trained episode: 6
Episode:  68 controlled agent:  1 ; Episode Return:  -232.0 ; win rate(coFntrolled & opponent):  0.10 0.13 ; Trained episode: 7
Episode:  69 controlled agent:  1 ; Episode Return:  -499.0 ; win rate(coFntrolled & opponent):  0.10 0.13 ; Trained episode: 7
Episode:  70 controlled agent:  1 ; Episode Return:  -499.0 ; win rate(coFntrolled & opponent):  0.10 0.13 ; Trained episode: 7
Episode:  71 controlled agent:  1 ; Episode Return:  -499.0 ; win rate(coFntrolled & opponent):  0.10 0.13 ; Trained episode: 7
Episode:  72 controlled agent:  1 ; Episode Return:  -499.0 ; win rate(coFntrolled & opponent):  0.10 0.12 ; Trained episode: 7
Episode:  73 controlled agent:  1 ; Episode Return:  -499.0 ; win rate(coFntrolled & opponent):  0.10 0.12 ; Trained episode: 7
Episode:  74 controlled agent:  1 ; Episode Return:  -499.0 ; win rate(coFntrolled & opponent):  0.09 0.12 ; Trained episode: 7
Episode:  75 controlled agent:  1 ; Episode Return:  -499.0 ; win rate(coFntrolled & opponent):  0.09 0.12 ; Trained episode: 7
Episode:  76 controlled agent:  1 ; Episode Return:  -314.0 ; win rate(coFntrolled & opponent):  0.11 0.12 ; Trained episode: 7
Episode:  77 controlled agent:  1 ; Episode Return:  -250.0 ; win rate(coFntrolled & opponent):  0.12 0.12 ; Trained episode: 8
Episode:  78 controlled agent:  1 ; Episode Return:  -499.0 ; win rate(coFntrolled & opponent):  0.12 0.12 ; Trained episode: 9
Episode:  79 controlled agent:  1 ; Episode Return:  -499.0 ; win rate(coFntrolled & opponent):  0.11 0.11 ; Trained episode: 9
Episode:  80 controlled agent:  1 ; Episode Return:  -499.0 ; win rate(coFntrolled & opponent):  0.11 0.11 ; Trained episode: 9
Episode:  81 controlled agent:  1 ; Episode Return:  -499.0 ; win rate(coFntrolled & opponent):  0.11 0.11 ; Trained episode: 9
Episode:  82 controlled agent:  1 ; Episode Return:  -496.0 ; win rate(coFntrolled & opponent):  0.11 0.12 ; Trained episode: 9
Episode:  83 controlled agent:  1 ; Episode Return:  -499.0 ; win rate(coFntrolled & opponent):  0.11 0.12 ; Trained episode: 9
Episode:  84 controlled agent:  1 ; Episode Return:  -499.0 ; win rate(coFntrolled & opponent):  0.11 0.12 ; Trained episode: 9
Episode:  85 controlled agent:  1 ; Episode Return:  -499.0 ; win rate(coFntrolled & opponent):  0.11 0.12 ; Trained episode: 9
Episode:  86 controlled agent:  1 ; Episode Return:  -499.0 ; win rate(coFntrolled & opponent):  0.10 0.12 ; Trained episode: 9
Episode:  87 controlled agent:  1 ; Episode Return:  -499.0 ; win rate(coFntrolled & opponent):  0.10 0.11 ; Trained episode: 9
Episode:  88 controlled agent:  1 ; Episode Return:  -499.0 ; win rate(coFntrolled & opponent):  0.10 0.11 ; Trained episode: 9
Episode:  89 controlled agent:  1 ; Episode Return:  -499.0 ; win rate(coFntrolled & opponent):  0.10 0.11 ; Trained episode: 9
Episode:  90 controlled agent:  1 ; Episode Return:  -499.0 ; win rate(coFntrolled & opponent):  0.10 0.11 ; Trained episode: 9
Episode:  91 controlled agent:  1 ; Episode Return:  -499.0 ; win rate(coFntrolled & opponent):  0.10 0.11 ; Trained episode: 9
Episode:  92 controlled agent:  1 ; Episode Return:  -499.0 ; win rate(coFntrolled & opponent):  0.10 0.11 ; Trained episode: 9
Episode:  93 controlled agent:  1 ; Episode Return:  -499.0 ; win rate(coFntrolled & opponent):  0.10 0.11 ; Trained episode: 9
Episode:  94 controlled agent:  1 ; Episode Return:  -499.0 ; win rate(coFntrolled & opponent):  0.10 0.11 ; Trained episode: 9
Episode:  95 controlled agent:  1 ; Episode Return:  -499.0 ; win rate(coFntrolled & opponent):  0.09 0.11 ; Trained episode: 9
Episode:  96 controlled agent:  1 ; Episode Return:  -499.0 ; win rate(coFntrolled & opponent):  0.09 0.10 ; Trained episode: 9
Episode:  97 controlled agent:  1 ; Episode Return:  -354.0 ; win rate(coFntrolled & opponent):  0.09 0.11 ; Trained episode: 9
Episode:  98 controlled agent:  1 ; Episode Return:  -479.0 ; win rate(coFntrolled & opponent):  0.09 0.12 ; Trained episode: 9
Episode:  99 controlled agent:  1 ; Episode Return:  -499.0 ; win rate(coFntrolled & opponent):  0.09 0.12 ; Trained episode: 9
Episode:  100 controlled agent:  1 ; Episode Return:  -499.0 ; win rate(coFntrolled & opponent):  0.09 0.12 ; Trained episode: 9
Episode:  101 controlled agent:  1 ; Episode Return:  -499.0 ; win rate(coFntrolled & opponent):  0.08 0.12 ; Trained episode: 9
Episode:  102 controlled agent:  1 ; Episode Return:  -499.0 ; win rate(coFntrolled & opponent):  0.08 0.12 ; Trained episode: 9
Episode:  103 controlled agent:  1 ; Episode Return:  -207.0 ; win rate(coFntrolled & opponent):  0.08 0.13 ; Trained episode: 9
Episode:  104 controlled agent:  1 ; Episode Return:  -268.0 ; win rate(coFntrolled & opponent):  0.09 0.13 ; Trained episode: 9
Episode:  105 controlled agent:  1 ; Episode Return:  -499.0 ; win rate(coFntrolled & opponent):  0.09 0.13 ; Trained episode: 10
Episode:  106 controlled agent:  1 ; Episode Return:  -499.0 ; win rate(coFntrolled & opponent):  0.09 0.13 ; Trained episode: 10
Episode:  107 controlled agent:  1 ; Episode Return:  -499.0 ; win rate(coFntrolled & opponent):  0.09 0.12 ; Trained episode: 10
Episode:  108 controlled agent:  1 ; Episode Return:  -499.0 ; win rate(coFntrolled & opponent):  0.09 0.12 ; Trained episode: 10
Episode:  109 controlled agent:  1 ; Episode Return:  -499.0 ; win rate(coFntrolled & opponent):  0.09 0.11 ; Trained episode: 10
Episode:  110 controlled agent:  1 ; Episode Return:  -499.0 ; win rate(coFntrolled & opponent):  0.09 0.11 ; Trained episode: 10
Episode:  111 controlled agent:  1 ; Episode Return:  -499.0 ; win rate(coFntrolled & opponent):  0.09 0.11 ; Trained episode: 10
Episode:  112 controlled agent:  1 ; Episode Return:  -499.0 ; win rate(coFntrolled & opponent):  0.09 0.11 ; Trained episode: 10
Episode:  113 controlled agent:  1 ; Episode Return:  -499.0 ; win rate(coFntrolled & opponent):  0.09 0.11 ; Trained episode: 10
Episode:  114 controlled agent:  1 ; Episode Return:  -499.0 ; win rate(coFntrolled & opponent):  0.09 0.11 ; Trained episode: 10
Episode:  115 controlled agent:  1 ; Episode Return:  -499.0 ; win rate(coFntrolled & opponent):  0.09 0.10 ; Trained episode: 10
Episode:  116 controlled agent:  1 ; Episode Return:  -199.0 ; win rate(coFntrolled & opponent):  0.10 0.10 ; Trained episode: 10
Episode:  117 controlled agent:  1 ; Episode Return:  -499.0 ; win rate(coFntrolled & opponent):  0.10 0.09 ; Trained episode: 11
Episode:  118 controlled agent:  1 ; Episode Return:  -452.0 ; win rate(coFntrolled & opponent):  0.10 0.10 ; Trained episode: 11
Episode:  119 controlled agent:  1 ; Episode Return:  -499.0 ; win rate(coFntrolled & opponent):  0.10 0.10 ; Trained episode: 11
Episode:  120 controlled agent:  1 ; Episode Return:  -499.0 ; win rate(coFntrolled & opponent):  0.10 0.10 ; Trained episode: 11
Episode:  121 controlled agent:  1 ; Episode Return:  -499.0 ; win rate(coFntrolled & opponent):  0.10 0.10 ; Trained episode: 11
Episode:  122 controlled agent:  1 ; Episode Return:  -499.0 ; win rate(coFntrolled & opponent):  0.10 0.10 ; Trained episode: 11
Episode:  123 controlled agent:  1 ; Episode Return:  -499.0 ; win rate(coFntrolled & opponent):  0.10 0.10 ; Trained episode: 11
Episode:  124 controlled agent:  1 ; Episode Return:  -499.0 ; win rate(coFntrolled & opponent):  0.10 0.10 ; Trained episode: 11
Episode:  125 controlled agent:  1 ; Episode Return:  -215.0 ; win rate(coFntrolled & opponent):  0.11 0.10 ; Trained episode: 11
Episode:  126 controlled agent:  1 ; Episode Return:  -499.0 ; win rate(coFntrolled & opponent):  0.11 0.10 ; Trained episode: 12
Episode:  127 controlled agent:  1 ; Episode Return:  -499.0 ; win rate(coFntrolled & opponent):  0.11 0.09 ; Trained episode: 12
Episode:  128 controlled agent:  1 ; Episode Return:  -499.0 ; win rate(coFntrolled & opponent):  0.11 0.09 ; Trained episode: 12
Episode:  129 controlled agent:  1 ; Episode Return:  -499.0 ; win rate(coFntrolled & opponent):  0.11 0.09 ; Trained episode: 12
Episode:  130 controlled agent:  1 ; Episode Return:  -351.0 ; win rate(coFntrolled & opponent):  0.11 0.10 ; Trained episode: 12
Episode:  131 controlled agent:  1 ; Episode Return:  -499.0 ; win rate(coFntrolled & opponent):  0.11 0.10 ; Trained episode: 12
Episode:  132 controlled agent:  1 ; Episode Return:  -499.0 ; win rate(coFntrolled & opponent):  0.11 0.10 ; Trained episode: 12
Episode:  133 controlled agent:  1 ; Episode Return:  -336.0 ; win rate(coFntrolled & opponent):  0.11 0.11 ; Trained episode: 12
Episode:  134 controlled agent:  1 ; Episode Return:  -499.0 ; win rate(coFntrolled & opponent):  0.11 0.10 ; Trained episode: 12
Episode:  135 controlled agent:  1 ; Episode Return:  -499.0 ; win rate(coFntrolled & opponent):  0.11 0.10 ; Trained episode: 12
Episode:  136 controlled agent:  1 ; Episode Return:  -499.0 ; win rate(coFntrolled & opponent):  0.11 0.10 ; Trained episode: 12
Episode:  137 controlled agent:  1 ; Episode Return:  -499.0 ; win rate(coFntrolled & opponent):  0.11 0.10 ; Trained episode: 12
Episode:  138 controlled agent:  1 ; Episode Return:  -499.0 ; win rate(coFntrolled & opponent):  0.11 0.10 ; Trained episode: 12
Episode:  139 controlled agent:  1 ; Episode Return:  -219.0 ; win rate(coFntrolled & opponent):  0.12 0.10 ; Trained episode: 12
Episode:  140 controlled agent:  1 ; Episode Return:  -499.0 ; win rate(coFntrolled & opponent):  0.12 0.09 ; Trained episode: 13
Episode:  141 controlled agent:  1 ; Episode Return:  -499.0 ; win rate(coFntrolled & opponent):  0.12 0.09 ; Trained episode: 13
Episode:  142 controlled agent:  1 ; Episode Return:  -212.0 ; win rate(coFntrolled & opponent):  0.12 0.10 ; Trained episode: 13
Episode:  143 controlled agent:  1 ; Episode Return:  -499.0 ; win rate(coFntrolled & opponent):  0.12 0.10 ; Trained episode: 13
Episode:  144 controlled agent:  1 ; Episode Return:  -499.0 ; win rate(coFntrolled & opponent):  0.12 0.10 ; Trained episode: 13
Episode:  145 controlled agent:  1 ; Episode Return:  -499.0 ; win rate(coFntrolled & opponent):  0.12 0.10 ; Trained episode: 13
Episode:  146 controlled agent:  1 ; Episode Return:  -447.0 ; win rate(coFntrolled & opponent):  0.12 0.11 ; Trained episode: 13
Episode:  147 controlled agent:  1 ; Episode Return:  -499.0 ; win rate(coFntrolled & opponent):  0.12 0.11 ; Trained episode: 13
Episode:  148 controlled agent:  1 ; Episode Return:  -499.0 ; win rate(coFntrolled & opponent):  0.12 0.11 ; Trained episode: 13
Episode:  149 controlled agent:  1 ; Episode Return:  -499.0 ; win rate(coFntrolled & opponent):  0.12 0.11 ; Trained episode: 13
Episode:  150 controlled agent:  1 ; Episode Return:  -499.0 ; win rate(coFntrolled & opponent):  0.11 0.11 ; Trained episode: 13
Episode:  151 controlled agent:  1 ; Episode Return:  -499.0 ; win rate(coFntrolled & opponent):  0.11 0.11 ; Trained episode: 13
Episode:  152 controlled agent:  1 ; Episode Return:  -295.0 ; win rate(coFntrolled & opponent):  0.11 0.12 ; Trained episode: 13
Episode:  153 controlled agent:  1 ; Episode Return:  -499.0 ; win rate(coFntrolled & opponent):  0.10 0.12 ; Trained episode: 13
Episode:  154 controlled agent:  1 ; Episode Return:  -499.0 ; win rate(coFntrolled & opponent):  0.10 0.12 ; Trained episode: 13
Episode:  155 controlled agent:  1 ; Episode Return:  -309.0 ; win rate(coFntrolled & opponent):  0.11 0.12 ; Trained episode: 13
Episode:  156 controlled agent:  1 ; Episode Return:  -499.0 ; win rate(coFntrolled & opponent):  0.11 0.12 ; Trained episode: 14
Episode:  157 controlled agent:  1 ; Episode Return:  -499.0 ; win rate(coFntrolled & opponent):  0.11 0.12 ; Trained episode: 14
Episode:  158 controlled agent:  1 ; Episode Return:  -499.0 ; win rate(coFntrolled & opponent):  0.11 0.12 ; Trained episode: 14
Episode:  159 controlled agent:  1 ; Episode Return:  -499.0 ; win rate(coFntrolled & opponent):  0.11 0.11 ; Trained episode: 14
Episode:  160 controlled agent:  1 ; Episode Return:  -215.0 ; win rate(coFntrolled & opponent):  0.10 0.12 ; Trained episode: 14
Episode:  161 controlled agent:  1 ; Episode Return:  -499.0 ; win rate(coFntrolled & opponent):  0.09 0.12 ; Trained episode: 14
Episode:  162 controlled agent:  1 ; Episode Return:  -499.0 ; win rate(coFntrolled & opponent):  0.09 0.12 ; Trained episode: 14
Episode:  163 controlled agent:  1 ; Episode Return:  -337.0 ; win rate(coFntrolled & opponent):  0.09 0.13 ; Trained episode: 14
Episode:  164 controlled agent:  1 ; Episode Return:  -499.0 ; win rate(coFntrolled & opponent):  0.09 0.13 ; Trained episode: 14
Episode:  165 controlled agent:  1 ; Episode Return:  -499.0 ; win rate(coFntrolled & opponent):  0.08 0.13 ; Trained episode: 14
Episode:  166 controlled agent:  1 ; Episode Return:  -499.0 ; win rate(coFntrolled & opponent):  0.08 0.13 ; Trained episode: 14
Episode:  167 controlled agent:  1 ; Episode Return:  -499.0 ; win rate(coFntrolled & opponent):  0.07 0.13 ; Trained episode: 14
Episode:  168 controlled agent:  1 ; Episode Return:  -499.0 ; win rate(coFntrolled & opponent):  0.07 0.12 ; Trained episode: 14
Episode:  169 controlled agent:  1 ; Episode Return:  -499.0 ; win rate(coFntrolled & opponent):  0.07 0.12 ; Trained episode: 14
Episode:  170 controlled agent:  1 ; Episode Return:  -499.0 ; win rate(coFntrolled & opponent):  0.07 0.12 ; Trained episode: 14
Episode:  171 controlled agent:  1 ; Episode Return:  -499.0 ; win rate(coFntrolled & opponent):  0.07 0.12 ; Trained episode: 14
Episode:  172 controlled agent:  1 ; Episode Return:  -499.0 ; win rate(coFntrolled & opponent):  0.07 0.12 ; Trained episode: 14
Episode:  173 controlled agent:  1 ; Episode Return:  -499.0 ; win rate(coFntrolled & opponent):  0.07 0.12 ; Trained episode: 14
Episode:  174 controlled agent:  1 ; Episode Return:  -499.0 ; win rate(coFntrolled & opponent):  0.07 0.12 ; Trained episode: 14
Episode:  175 controlled agent:  1 ; Episode Return:  -499.0 ; win rate(coFntrolled & opponent):  0.07 0.12 ; Trained episode: 14
Episode:  176 controlled agent:  1 ; Episode Return:  -499.0 ; win rate(coFntrolled & opponent):  0.06 0.12 ; Trained episode: 14
Episode:  177 controlled agent:  1 ; Episode Return:  -499.0 ; win rate(coFntrolled & opponent):  0.05 0.12 ; Trained episode: 14
Episode:  178 controlled agent:  1 ; Episode Return:  -499.0 ; win rate(coFntrolled & opponent):  0.05 0.12 ; Trained episode: 14
Episode:  179 controlled agent:  1 ; Episode Return:  -499.0 ; win rate(coFntrolled & opponent):  0.05 0.12 ; Trained episode: 14
Episode:  180 controlled agent:  1 ; Episode Return:  -499.0 ; win rate(coFntrolled & opponent):  0.05 0.12 ; Trained episode: 14
Episode:  181 controlled agent:  1 ; Episode Return:  -499.0 ; win rate(coFntrolled & opponent):  0.05 0.12 ; Trained episode: 14
Episode:  182 controlled agent:  1 ; Episode Return:  -400.0 ; win rate(coFntrolled & opponent):  0.05 0.12 ; Trained episode: 14
Episode:  183 controlled agent:  1 ; Episode Return:  -499.0 ; win rate(coFntrolled & opponent):  0.05 0.12 ; Trained episode: 14
Episode:  184 controlled agent:  1 ; Episode Return:  -499.0 ; win rate(coFntrolled & opponent):  0.05 0.12 ; Trained episode: 14
Episode:  185 controlled agent:  1 ; Episode Return:  -499.0 ; win rate(coFntrolled & opponent):  0.05 0.12 ; Trained episode: 14
Episode:  186 controlled agent:  1 ; Episode Return:  -499.0 ; win rate(coFntrolled & opponent):  0.05 0.12 ; Trained episode: 14
Episode:  187 controlled agent:  1 ; Episode Return:  -283.0 ; win rate(coFntrolled & opponent):  0.05 0.13 ; Trained episode: 14
Episode:  188 controlled agent:  1 ; Episode Return:  -499.0 ; win rate(coFntrolled & opponent):  0.05 0.13 ; Trained episode: 14
Episode:  189 controlled agent:  1 ; Episode Return:  -499.0 ; win rate(coFntrolled & opponent):  0.05 0.13 ; Trained episode: 14
Episode:  190 controlled agent:  1 ; Episode Return:  -271.0 ; win rate(coFntrolled & opponent):  0.05 0.14 ; Trained episode: 14
Episode:  191 controlled agent:  1 ; Episode Return:  -499.0 ; win rate(coFntrolled & opponent):  0.05 0.14 ; Trained episode: 14
Episode:  192 controlled agent:  1 ; Episode Return:  -174.0 ; win rate(coFntrolled & opponent):  0.05 0.15 ; Trained episode: 14
Episode:  193 controlled agent:  1 ; Episode Return:  -363.0 ; win rate(coFntrolled & opponent):  0.05 0.16 ; Trained episode: 14
Episode:  194 controlled agent:  1 ; Episode Return:  -237.0 ; win rate(coFntrolled & opponent):  0.06 0.16 ; Trained episode: 14
Episode:  195 controlled agent:  1 ; Episode Return:  -499.0 ; win rate(coFntrolled & opponent):  0.06 0.16 ; Trained episode: 15
Episode:  196 controlled agent:  1 ; Episode Return:  -227.0 ; win rate(coFntrolled & opponent):  0.06 0.17 ; Trained episode: 15
Episode:  197 controlled agent:  1 ; Episode Return:  -499.0 ; win rate(coFntrolled & opponent):  0.06 0.16 ; Trained episode: 15
Episode:  198 controlled agent:  1 ; Episode Return:  -499.0 ; win rate(coFntrolled & opponent):  0.06 0.15 ; Trained episode: 15
Episode:  199 controlled agent:  1 ; Episode Return:  -499.0 ; win rate(coFntrolled & opponent):  0.06 0.15 ; Trained episode: 15
Episode:  200 controlled agent:  1 ; Episode Return:  -384.0 ; win rate(coFntrolled & opponent):  0.06 0.16 ; Trained episode: 15
Episode:  201 controlled agent:  1 ; Episode Return:  -499.0 ; win rate(coFntrolled & opponent):  0.06 0.16 ; Trained episode: 15
Episode:  202 controlled agent:  1 ; Episode Return:  -499.0 ; win rate(coFntrolled & opponent):  0.06 0.16 ; Trained episode: 15
Episode:  203 controlled agent:  1 ; Episode Return:  -499.0 ; win rate(coFntrolled & opponent):  0.06 0.15 ; Trained episode: 15
Episode:  204 controlled agent:  1 ; Episode Return:  -499.0 ; win rate(coFntrolled & opponent):  0.05 0.15 ; Trained episode: 15
Episode:  205 controlled agent:  1 ; Episode Return:  -499.0 ; win rate(coFntrolled & opponent):  0.05 0.15 ; Trained episode: 15
Episode:  206 controlled agent:  1 ; Episode Return:  -499.0 ; win rate(coFntrolled & opponent):  0.05 0.15 ; Trained episode: 15
Episode:  207 controlled agent:  1 ; Episode Return:  -499.0 ; win rate(coFntrolled & opponent):  0.05 0.15 ; Trained episode: 15
Episode:  208 controlled agent:  1 ; Episode Return:  -499.0 ; win rate(coFntrolled & opponent):  0.05 0.15 ; Trained episode: 15
Episode:  209 controlled agent:  1 ; Episode Return:  -499.0 ; win rate(coFntrolled & opponent):  0.05 0.15 ; Trained episode: 15
Episode:  210 controlled agent:  1 ; Episode Return:  -499.0 ; win rate(coFntrolled & opponent):  0.05 0.15 ; Trained episode: 15
Episode:  211 controlled agent:  1 ; Episode Return:  -238.0 ; win rate(coFntrolled & opponent):  0.06 0.15 ; Trained episode: 15
Episode:  212 controlled agent:  1 ; Episode Return:  -499.0 ; win rate(coFntrolled & opponent):  0.06 0.15 ; Trained episode: 16
Episode:  213 controlled agent:  1 ; Episode Return:  -499.0 ; win rate(coFntrolled & opponent):  0.06 0.15 ; Trained episode: 16
Episode:  214 controlled agent:  1 ; Episode Return:  -499.0 ; win rate(coFntrolled & opponent):  0.06 0.15 ; Trained episode: 16
Episode:  215 controlled agent:  1 ; Episode Return:  -499.0 ; win rate(coFntrolled & opponent):  0.06 0.15 ; Trained episode: 16
Episode:  216 controlled agent:  1 ; Episode Return:  -499.0 ; win rate(coFntrolled & opponent):  0.05 0.15 ; Trained episode: 16
Episode:  217 controlled agent:  1 ; Episode Return:  -499.0 ; win rate(coFntrolled & opponent):  0.05 0.15 ; Trained episode: 16
Episode:  218 controlled agent:  1 ; Episode Return:  -499.0 ; win rate(coFntrolled & opponent):  0.05 0.14 ; Trained episode: 16
Episode:  219 controlled agent:  1 ; Episode Return:  -464.0 ; win rate(coFntrolled & opponent):  0.05 0.15 ; Trained episode: 16
Episode:  220 controlled agent:  1 ; Episode Return:  -499.0 ; win rate(coFntrolled & opponent):  0.05 0.15 ; Trained episode: 16
Episode:  221 controlled agent:  1 ; Episode Return:  -499.0 ; win rate(coFntrolled & opponent):  0.05 0.15 ; Trained episode: 16
Episode:  222 controlled agent:  1 ; Episode Return:  -499.0 ; win rate(coFntrolled & opponent):  0.05 0.15 ; Trained episode: 16
Episode:  223 controlled agent:  1 ; Episode Return:  -499.0 ; win rate(coFntrolled & opponent):  0.05 0.15 ; Trained episode: 16
Episode:  224 controlled agent:  1 ; Episode Return:  -499.0 ; win rate(coFntrolled & opponent):  0.05 0.15 ; Trained episode: 16
Episode:  225 controlled agent:  1 ; Episode Return:  -499.0 ; win rate(coFntrolled & opponent):  0.04 0.15 ; Trained episode: 16
Episode:  226 controlled agent:  1 ; Episode Return:  -499.0 ; win rate(coFntrolled & opponent):  0.04 0.15 ; Trained episode: 16
Episode:  227 controlled agent:  1 ; Episode Return:  -291.0 ; win rate(coFntrolled & opponent):  0.04 0.16 ; Trained episode: 16
Episode:  228 controlled agent:  1 ; Episode Return:  -499.0 ; win rate(coFntrolled & opponent):  0.04 0.16 ; Trained episode: 16
Episode:  229 controlled agent:  1 ; Episode Return:  -499.0 ; win rate(coFntrolled & opponent):  0.04 0.16 ; Trained episode: 16
Episode:  230 controlled agent:  1 ; Episode Return:  -499.0 ; win rate(coFntrolled & opponent):  0.04 0.15 ; Trained episode: 16
Episode:  231 controlled agent:  1 ; Episode Return:  -499.0 ; win rate(coFntrolled & opponent):  0.04 0.15 ; Trained episode: 16
Episode:  232 controlled agent:  1 ; Episode Return:  -499.0 ; win rate(coFntrolled & opponent):  0.04 0.15 ; Trained episode: 16
Episode:  233 controlled agent:  1 ; Episode Return:  -499.0 ; win rate(coFntrolled & opponent):  0.04 0.14 ; Trained episode: 16
Episode:  234 controlled agent:  1 ; Episode Return:  -499.0 ; win rate(coFntrolled & opponent):  0.04 0.14 ; Trained episode: 16
Episode:  235 controlled agent:  1 ; Episode Return:  -499.0 ; win rate(coFntrolled & opponent):  0.04 0.14 ; Trained episode: 16
Episode:  236 controlled agent:  1 ; Episode Return:  -499.0 ; win rate(coFntrolled & opponent):  0.04 0.14 ; Trained episode: 16
Episode:  237 controlled agent:  1 ; Episode Return:  -499.0 ; win rate(coFntrolled & opponent):  0.04 0.14 ; Trained episode: 16
Episode:  238 controlled agent:  1 ; Episode Return:  -499.0 ; win rate(coFntrolled & opponent):  0.04 0.14 ; Trained episode: 16
Episode:  239 controlled agent:  1 ; Episode Return:  -499.0 ; win rate(coFntrolled & opponent):  0.03 0.14 ; Trained episode: 16
Episode:  240 controlled agent:  1 ; Episode Return:  -499.0 ; win rate(coFntrolled & opponent):  0.03 0.14 ; Trained episode: 16
Episode:  241 controlled agent:  1 ; Episode Return:  -499.0 ; win rate(coFntrolled & opponent):  0.03 0.14 ; Trained episode: 16
Episode:  242 controlled agent:  1 ; Episode Return:  -499.0 ; win rate(coFntrolled & opponent):  0.03 0.13 ; Trained episode: 16
Episode:  243 controlled agent:  1 ; Episode Return:  -367.0 ; win rate(coFntrolled & opponent):  0.04 0.13 ; Trained episode: 16
Episode:  244 controlled agent:  1 ; Episode Return:  -499.0 ; win rate(coFntrolled & opponent):  0.04 0.13 ; Trained episode: 17
Episode:  245 controlled agent:  1 ; Episode Return:  -499.0 ; win rate(coFntrolled & opponent):  0.04 0.13 ; Trained episode: 17
