{'algo': 'ppo',
 'device': 'cuda',
 'episode_length': 500,
 'game_name': 'olympics-running',
 'load_episode': 900,
 'load_model': False,
 'load_run': 2,
 'map': 6,
 'max_episodes': 1500,
 'render': False,
 'save_interval': 100,
 'seed': 1,
 'shuffle_map': False}
Total agent number: 2
Agent control by the actor: 1
Game board width: 700
Game board height: 700
action dimension: [[Box(-100.0, 200.0, (1,), float32), Box(-30.0, 30.0, (1,), float32)], [Box(-100.0, 200.0, (1,), float32), Box(-30.0, 30.0, (1,), float32)]]
observation dimension: 625
store in /dssg/home/acct-stu/stu486/OlympicsProject/rl_trainer/models/olympics-running/ppo/run6
Episode:  1 controlled agent:  1 ; Episode Return:  -499.0 ; win rate(controlled & opponent):  0.00 0.00 ; Trained episode: 0
Episode:  2 controlled agent:  1 ; Episode Return:  -499.0 ; win rate(controlled & opponent):  0.00 0.00 ; Trained episode: 0
Episode:  3 controlled agent:  1 ; Episode Return:  -499.0 ; win rate(controlled & opponent):  0.00 0.00 ; Trained episode: 0
Episode:  4 controlled agent:  1 ; Episode Return:  -499.0 ; win rate(controlled & opponent):  0.00 0.00 ; Trained episode: 0
Episode:  5 controlled agent:  1 ; Episode Return:  -499.0 ; win rate(controlled & opponent):  0.00 0.00 ; Trained episode: 0
Episode:  6 controlled agent:  1 ; Episode Return:  -499.0 ; win rate(controlled & opponent):  0.00 0.00 ; Trained episode: 0
Episode:  7 controlled agent:  1 ; Episode Return:  -499.0 ; win rate(controlled & opponent):  0.00 0.00 ; Trained episode: 0
Episode:  8 controlled agent:  1 ; Episode Return:  -499.0 ; win rate(controlled & opponent):  0.00 0.00 ; Trained episode: 0
Episode:  9 controlled agent:  1 ; Episode Return:  -499.0 ; win rate(controlled & opponent):  0.00 0.00 ; Trained episode: 0
Episode:  10 controlled agent:  1 ; Episode Return:  -499.0 ; win rate(controlled & opponent):  0.00 0.00 ; Trained episode: 0
Episode:  11 controlled agent:  1 ; Episode Return:  -499.0 ; win rate(controlled & opponent):  0.00 0.00 ; Trained episode: 0
Episode:  12 controlled agent:  1 ; Episode Return:  -499.0 ; win rate(controlled & opponent):  0.00 0.00 ; Trained episode: 0
Episode:  13 controlled agent:  1 ; Episode Return:  -387.0 ; win rate(controlled & opponent):  0.00 0.08 ; Trained episode: 0
Episode:  14 controlled agent:  1 ; Episode Return:  -499.0 ; win rate(controlled & opponent):  0.00 0.07 ; Trained episode: 0
Episode:  15 controlled agent:  1 ; Episode Return:  -499.0 ; win rate(controlled & opponent):  0.00 0.07 ; Trained episode: 0
Episode:  16 controlled agent:  1 ; Episode Return:  -499.0 ; win rate(controlled & opponent):  0.00 0.06 ; Trained episode: 0
Episode:  17 controlled agent:  1 ; Episode Return:  -499.0 ; win rate(controlled & opponent):  0.00 0.06 ; Trained episode: 0
Episode:  18 controlled agent:  1 ; Episode Return:  -499.0 ; win rate(controlled & opponent):  0.00 0.06 ; Trained episode: 0
Episode:  19 controlled agent:  1 ; Episode Return:  -499.0 ; win rate(controlled & opponent):  0.00 0.05 ; Trained episode: 0
Episode:  20 controlled agent:  1 ; Episode Return:  -499.0 ; win rate(controlled & opponent):  0.00 0.05 ; Trained episode: 0
Episode:  21 controlled agent:  1 ; Episode Return:  -499.0 ; win rate(controlled & opponent):  0.00 0.05 ; Trained episode: 0
Episode:  22 controlled agent:  1 ; Episode Return:  -499.0 ; win rate(controlled & opponent):  0.00 0.05 ; Trained episode: 0
Episode:  23 controlled agent:  1 ; Episode Return:  -499.0 ; win rate(controlled & opponent):  0.00 0.04 ; Trained episode: 0
Episode:  24 controlled agent:  1 ; Episode Return:  -499.0 ; win rate(controlled & opponent):  0.00 0.04 ; Trained episode: 0
Episode:  25 controlled agent:  1 ; Episode Return:  -499.0 ; win rate(controlled & opponent):  0.00 0.04 ; Trained episode: 0
Episode:  26 controlled agent:  1 ; Episode Return:  -499.0 ; win rate(controlled & opponent):  0.00 0.04 ; Trained episode: 0
Episode:  27 controlled agent:  1 ; Episode Return:  -499.0 ; win rate(controlled & opponent):  0.00 0.04 ; Trained episode: 0
Episode:  28 controlled agent:  1 ; Episode Return:  -499.0 ; win rate(controlled & opponent):  0.00 0.04 ; Trained episode: 0
Episode:  29 controlled agent:  1 ; Episode Return:  -499.0 ; win rate(controlled & opponent):  0.00 0.03 ; Trained episode: 0
Episode:  30 controlled agent:  1 ; Episode Return:  -499.0 ; win rate(controlled & opponent):  0.00 0.03 ; Trained episode: 0
Episode:  31 controlled agent:  1 ; Episode Return:  -499.0 ; win rate(controlled & opponent):  0.00 0.03 ; Trained episode: 0
Episode:  32 controlled agent:  1 ; Episode Return:  -499.0 ; win rate(controlled & opponent):  0.00 0.03 ; Trained episode: 0
Episode:  33 controlled agent:  1 ; Episode Return:  -499.0 ; win rate(controlled & opponent):  0.00 0.03 ; Trained episode: 0
Episode:  34 controlled agent:  1 ; Episode Return:  -499.0 ; win rate(controlled & opponent):  0.00 0.03 ; Trained episode: 0
Episode:  35 controlled agent:  1 ; Episode Return:  -499.0 ; win rate(controlled & opponent):  0.00 0.03 ; Trained episode: 0
Episode:  36 controlled agent:  1 ; Episode Return:  -499.0 ; win rate(controlled & opponent):  0.00 0.03 ; Trained episode: 0
Episode:  37 controlled agent:  1 ; Episode Return:  -499.0 ; win rate(controlled & opponent):  0.00 0.03 ; Trained episode: 0
Episode:  38 controlled agent:  1 ; Episode Return:  -499.0 ; win rate(controlled & opponent):  0.00 0.03 ; Trained episode: 0
Episode:  39 controlled agent:  1 ; Episode Return:  -499.0 ; win rate(controlled & opponent):  0.00 0.03 ; Trained episode: 0
Episode:  40 controlled agent:  1 ; Episode Return:  -499.0 ; win rate(controlled & opponent):  0.00 0.03 ; Trained episode: 0
Episode:  41 controlled agent:  1 ; Episode Return:  -499.0 ; win rate(controlled & opponent):  0.00 0.02 ; Trained episode: 0
Episode:  42 controlled agent:  1 ; Episode Return:  -499.0 ; win rate(controlled & opponent):  0.00 0.02 ; Trained episode: 0
Episode:  43 controlled agent:  1 ; Episode Return:  -499.0 ; win rate(controlled & opponent):  0.00 0.02 ; Trained episode: 0
Episode:  44 controlled agent:  1 ; Episode Return:  -499.0 ; win rate(controlled & opponent):  0.00 0.02 ; Trained episode: 0
Episode:  45 controlled agent:  1 ; Episode Return:  -499.0 ; win rate(controlled & opponent):  0.00 0.02 ; Trained episode: 0
Episode:  46 controlled agent:  1 ; Episode Return:  -499.0 ; win rate(controlled & opponent):  0.00 0.02 ; Trained episode: 0
Episode:  47 controlled agent:  1 ; Episode Return:  -499.0 ; win rate(controlled & opponent):  0.00 0.02 ; Trained episode: 0
Episode:  48 controlled agent:  1 ; Episode Return:  -499.0 ; win rate(controlled & opponent):  0.00 0.02 ; Trained episode: 0
Episode:  49 controlled agent:  1 ; Episode Return:  -499.0 ; win rate(controlled & opponent):  0.00 0.02 ; Trained episode: 0
Episode:  50 controlled agent:  1 ; Episode Return:  -499.0 ; win rate(controlled & opponent):  0.00 0.02 ; Trained episode: 0
Episode:  51 controlled agent:  1 ; Episode Return:  -499.0 ; win rate(controlled & opponent):  0.00 0.02 ; Trained episode: 0
Episode:  52 controlled agent:  1 ; Episode Return:  -499.0 ; win rate(controlled & opponent):  0.00 0.02 ; Trained episode: 0
Episode:  53 controlled agent:  1 ; Episode Return:  -499.0 ; win rate(controlled & opponent):  0.00 0.02 ; Trained episode: 0
Episode:  54 controlled agent:  1 ; Episode Return:  -499.0 ; win rate(controlled & opponent):  0.00 0.02 ; Trained episode: 0
Episode:  55 controlled agent:  1 ; Episode Return:  -499.0 ; win rate(controlled & opponent):  0.00 0.02 ; Trained episode: 0
Episode:  56 controlled agent:  1 ; Episode Return:  -499.0 ; win rate(controlled & opponent):  0.00 0.02 ; Trained episode: 0
Episode:  57 controlled agent:  1 ; Episode Return:  -499.0 ; win rate(controlled & opponent):  0.00 0.02 ; Trained episode: 0
Episode:  58 controlled agent:  1 ; Episode Return:  -499.0 ; win rate(controlled & opponent):  0.00 0.02 ; Trained episode: 0
Episode:  59 controlled agent:  1 ; Episode Return:  -499.0 ; win rate(controlled & opponent):  0.00 0.02 ; Trained episode: 0
Episode:  60 controlled agent:  1 ; Episode Return:  -499.0 ; win rate(controlled & opponent):  0.00 0.02 ; Trained episode: 0
Episode:  61 controlled agent:  1 ; Episode Return:  -499.0 ; win rate(controlled & opponent):  0.00 0.02 ; Trained episode: 0
Episode:  62 controlled agent:  1 ; Episode Return:  -499.0 ; win rate(controlled & opponent):  0.00 0.02 ; Trained episode: 0
Episode:  63 controlled agent:  1 ; Episode Return:  -499.0 ; win rate(controlled & opponent):  0.00 0.02 ; Trained episode: 0
Episode:  64 controlled agent:  1 ; Episode Return:  -499.0 ; win rate(controlled & opponent):  0.00 0.02 ; Trained episode: 0
Episode:  65 controlled agent:  1 ; Episode Return:  -499.0 ; win rate(controlled & opponent):  0.00 0.02 ; Trained episode: 0
Episode:  66 controlled agent:  1 ; Episode Return:  -499.0 ; win rate(controlled & opponent):  0.00 0.02 ; Trained episode: 0
Episode:  67 controlled agent:  1 ; Episode Return:  -499.0 ; win rate(controlled & opponent):  0.00 0.01 ; Trained episode: 0
Episode:  68 controlled agent:  1 ; Episode Return:  -499.0 ; win rate(controlled & opponent):  0.00 0.01 ; Trained episode: 0
Episode:  69 controlled agent:  1 ; Episode Return:  -499.0 ; win rate(controlled & opponent):  0.00 0.01 ; Trained episode: 0
Episode:  70 controlled agent:  1 ; Episode Return:  -499.0 ; win rate(controlled & opponent):  0.00 0.01 ; Trained episode: 0
Episode:  71 controlled agent:  1 ; Episode Return:  -499.0 ; win rate(controlled & opponent):  0.00 0.01 ; Trained episode: 0
Episode:  72 controlled agent:  1 ; Episode Return:  -499.0 ; win rate(controlled & opponent):  0.00 0.01 ; Trained episode: 0
Episode:  73 controlled agent:  1 ; Episode Return:  -499.0 ; win rate(controlled & opponent):  0.00 0.01 ; Trained episode: 0
Episode:  74 controlled agent:  1 ; Episode Return:  -499.0 ; win rate(controlled & opponent):  0.00 0.01 ; Trained episode: 0
Episode:  75 controlled agent:  1 ; Episode Return:  -499.0 ; win rate(controlled & opponent):  0.00 0.01 ; Trained episode: 0
Episode:  76 controlled agent:  1 ; Episode Return:  -499.0 ; win rate(controlled & opponent):  0.00 0.01 ; Trained episode: 0
Episode:  77 controlled agent:  1 ; Episode Return:  -499.0 ; win rate(controlled & opponent):  0.00 0.01 ; Trained episode: 0
Episode:  78 controlled agent:  1 ; Episode Return:  -499.0 ; win rate(controlled & opponent):  0.00 0.01 ; Trained episode: 0
Episode:  79 controlled agent:  1 ; Episode Return:  -499.0 ; win rate(controlled & opponent):  0.00 0.01 ; Trained episode: 0
Episode:  80 controlled agent:  1 ; Episode Return:  -499.0 ; win rate(controlled & opponent):  0.00 0.01 ; Trained episode: 0
Episode:  81 controlled agent:  1 ; Episode Return:  -499.0 ; win rate(controlled & opponent):  0.00 0.01 ; Trained episode: 0
Episode:  82 controlled agent:  1 ; Episode Return:  -499.0 ; win rate(controlled & opponent):  0.00 0.01 ; Trained episode: 0
Episode:  83 controlled agent:  1 ; Episode Return:  -499.0 ; win rate(controlled & opponent):  0.00 0.01 ; Trained episode: 0
Episode:  84 controlled agent:  1 ; Episode Return:  -499.0 ; win rate(controlled & opponent):  0.00 0.01 ; Trained episode: 0
Episode:  85 controlled agent:  1 ; Episode Return:  -499.0 ; win rate(controlled & opponent):  0.00 0.01 ; Trained episode: 0
Episode:  86 controlled agent:  1 ; Episode Return:  -441.0 ; win rate(controlled & opponent):  0.00 0.02 ; Trained episode: 0
Episode:  87 controlled agent:  1 ; Episode Return:  -499.0 ; win rate(controlled & opponent):  0.00 0.02 ; Trained episode: 0
Episode:  88 controlled agent:  1 ; Episode Return:  -499.0 ; win rate(controlled & opponent):  0.00 0.02 ; Trained episode: 0
Episode:  89 controlled agent:  1 ; Episode Return:  -499.0 ; win rate(controlled & opponent):  0.00 0.02 ; Trained episode: 0
Episode:  90 controlled agent:  1 ; Episode Return:  -499.0 ; win rate(controlled & opponent):  0.00 0.02 ; Trained episode: 0
Episode:  91 controlled agent:  1 ; Episode Return:  -499.0 ; win rate(controlled & opponent):  0.00 0.02 ; Trained episode: 0
Episode:  92 controlled agent:  1 ; Episode Return:  -499.0 ; win rate(controlled & opponent):  0.00 0.02 ; Trained episode: 0
Episode:  93 controlled agent:  1 ; Episode Return:  -499.0 ; win rate(controlled & opponent):  0.00 0.02 ; Trained episode: 0
Episode:  94 controlled agent:  1 ; Episode Return:  -499.0 ; win rate(controlled & opponent):  0.00 0.02 ; Trained episode: 0
Episode:  95 controlled agent:  1 ; Episode Return:  -499.0 ; win rate(controlled & opponent):  0.00 0.02 ; Trained episode: 0
Episode:  96 controlled agent:  1 ; Episode Return:  -499.0 ; win rate(controlled & opponent):  0.00 0.02 ; Trained episode: 0
Episode:  97 controlled agent:  1 ; Episode Return:  -499.0 ; win rate(controlled & opponent):  0.00 0.02 ; Trained episode: 0
Episode:  98 controlled agent:  1 ; Episode Return:  -499.0 ; win rate(controlled & opponent):  0.00 0.02 ; Trained episode: 0
Episode:  99 controlled agent:  1 ; Episode Return:  -499.0 ; win rate(controlled & opponent):  0.00 0.02 ; Trained episode: 0
Episode:  100 controlled agent:  1 ; Episode Return:  -499.0 ; win rate(controlled & opponent):  0.00 0.02 ; Trained episode: 0
Episode:  101 controlled agent:  1 ; Episode Return:  -499.0 ; win rate(controlled & opponent):  0.00 0.02 ; Trained episode: 0
Episode:  102 controlled agent:  1 ; Episode Return:  -499.0 ; win rate(controlled & opponent):  0.00 0.02 ; Trained episode: 0
Episode:  103 controlled agent:  1 ; Episode Return:  -499.0 ; win rate(controlled & opponent):  0.00 0.02 ; Trained episode: 0
Episode:  104 controlled agent:  1 ; Episode Return:  -499.0 ; win rate(controlled & opponent):  0.00 0.02 ; Trained episode: 0
Episode:  105 controlled agent:  1 ; Episode Return:  -499.0 ; win rate(controlled & opponent):  0.00 0.02 ; Trained episode: 0
Episode:  106 controlled agent:  1 ; Episode Return:  -499.0 ; win rate(controlled & opponent):  0.00 0.02 ; Trained episode: 0
Episode:  107 controlled agent:  1 ; Episode Return:  -499.0 ; win rate(controlled & opponent):  0.00 0.02 ; Trained episode: 0
Episode:  108 controlled agent:  1 ; Episode Return:  -499.0 ; win rate(controlled & opponent):  0.00 0.02 ; Trained episode: 0
Episode:  109 controlled agent:  1 ; Episode Return:  -499.0 ; win rate(controlled & opponent):  0.00 0.02 ; Trained episode: 0
Episode:  110 controlled agent:  1 ; Episode Return:  -499.0 ; win rate(controlled & opponent):  0.00 0.02 ; Trained episode: 0
Episode:  111 controlled agent:  1 ; Episode Return:  -499.0 ; win rate(controlled & opponent):  0.00 0.02 ; Trained episode: 0
Episode:  112 controlled agent:  1 ; Episode Return:  -499.0 ; win rate(controlled & opponent):  0.00 0.02 ; Trained episode: 0
Episode:  113 controlled agent:  1 ; Episode Return:  -499.0 ; win rate(controlled & opponent):  0.00 0.01 ; Trained episode: 0
Episode:  114 controlled agent:  1 ; Episode Return:  -499.0 ; win rate(controlled & opponent):  0.00 0.01 ; Trained episode: 0
Episode:  115 controlled agent:  1 ; Episode Return:  -499.0 ; win rate(controlled & opponent):  0.00 0.01 ; Trained episode: 0
Episode:  116 controlled agent:  1 ; Episode Return:  -499.0 ; win rate(controlled & opponent):  0.00 0.01 ; Trained episode: 0
Episode:  117 controlled agent:  1 ; Episode Return:  -499.0 ; win rate(controlled & opponent):  0.00 0.01 ; Trained episode: 0
Episode:  118 controlled agent:  1 ; Episode Return:  -499.0 ; win rate(controlled & opponent):  0.00 0.01 ; Trained episode: 0
Episode:  119 controlled agent:  1 ; Episode Return:  -499.0 ; win rate(controlled & opponent):  0.00 0.01 ; Trained episode: 0
Episode:  120 controlled agent:  1 ; Episode Return:  -499.0 ; win rate(controlled & opponent):  0.00 0.01 ; Trained episode: 0
Episode:  121 controlled agent:  1 ; Episode Return:  -499.0 ; win rate(controlled & opponent):  0.00 0.01 ; Trained episode: 0
Episode:  122 controlled agent:  1 ; Episode Return:  -499.0 ; win rate(controlled & opponent):  0.00 0.01 ; Trained episode: 0
Episode:  123 controlled agent:  1 ; Episode Return:  -499.0 ; win rate(controlled & opponent):  0.00 0.01 ; Trained episode: 0
Episode:  124 controlled agent:  1 ; Episode Return:  -499.0 ; win rate(controlled & opponent):  0.00 0.01 ; Trained episode: 0
Episode:  125 controlled agent:  1 ; Episode Return:  -499.0 ; win rate(controlled & opponent):  0.00 0.01 ; Trained episode: 0
Episode:  126 controlled agent:  1 ; Episode Return:  -499.0 ; win rate(controlled & opponent):  0.00 0.01 ; Trained episode: 0
Episode:  127 controlled agent:  1 ; Episode Return:  -499.0 ; win rate(controlled & opponent):  0.00 0.01 ; Trained episode: 0
Episode:  128 controlled agent:  1 ; Episode Return:  -499.0 ; win rate(controlled & opponent):  0.00 0.01 ; Trained episode: 0
Episode:  129 controlled agent:  1 ; Episode Return:  -499.0 ; win rate(controlled & opponent):  0.00 0.01 ; Trained episode: 0
Episode:  130 controlled agent:  1 ; Episode Return:  -499.0 ; win rate(controlled & opponent):  0.00 0.01 ; Trained episode: 0
Episode:  131 controlled agent:  1 ; Episode Return:  -499.0 ; win rate(controlled & opponent):  0.00 0.01 ; Trained episode: 0
Episode:  132 controlled agent:  1 ; Episode Return:  -499.0 ; win rate(controlled & opponent):  0.00 0.01 ; Trained episode: 0
Episode:  133 controlled agent:  1 ; Episode Return:  -499.0 ; win rate(controlled & opponent):  0.00 0.01 ; Trained episode: 0
Episode:  134 controlled agent:  1 ; Episode Return:  -499.0 ; win rate(controlled & opponent):  0.00 0.01 ; Trained episode: 0
Episode:  135 controlled agent:  1 ; Episode Return:  -499.0 ; win rate(controlled & opponent):  0.00 0.01 ; Trained episode: 0
Episode:  136 controlled agent:  1 ; Episode Return:  -499.0 ; win rate(controlled & opponent):  0.00 0.01 ; Trained episode: 0
Episode:  137 controlled agent:  1 ; Episode Return:  -499.0 ; win rate(controlled & opponent):  0.00 0.01 ; Trained episode: 0
Episode:  138 controlled agent:  1 ; Episode Return:  -499.0 ; win rate(controlled & opponent):  0.00 0.01 ; Trained episode: 0
Episode:  139 controlled agent:  1 ; Episode Return:  -499.0 ; win rate(controlled & opponent):  0.00 0.01 ; Trained episode: 0
Episode:  140 controlled agent:  1 ; Episode Return:  -499.0 ; win rate(controlled & opponent):  0.00 0.01 ; Trained episode: 0
Episode:  141 controlled agent:  1 ; Episode Return:  -499.0 ; win rate(controlled & opponent):  0.00 0.01 ; Trained episode: 0
Episode:  142 controlled agent:  1 ; Episode Return:  -499.0 ; win rate(controlled & opponent):  0.00 0.01 ; Trained episode: 0
Episode:  143 controlled agent:  1 ; Episode Return:  -499.0 ; win rate(controlled & opponent):  0.00 0.01 ; Trained episode: 0
Episode:  144 controlled agent:  1 ; Episode Return:  -499.0 ; win rate(controlled & opponent):  0.00 0.01 ; Trained episode: 0
Episode:  145 controlled agent:  1 ; Episode Return:  -499.0 ; win rate(controlled & opponent):  0.00 0.01 ; Trained episode: 0
Episode:  146 controlled agent:  1 ; Episode Return:  -499.0 ; win rate(controlled & opponent):  0.00 0.01 ; Trained episode: 0
Episode:  147 controlled agent:  1 ; Episode Return:  -499.0 ; win rate(controlled & opponent):  0.00 0.01 ; Trained episode: 0
Episode:  148 controlled agent:  1 ; Episode Return:  -499.0 ; win rate(controlled & opponent):  0.00 0.01 ; Trained episode: 0
Episode:  149 controlled agent:  1 ; Episode Return:  -499.0 ; win rate(controlled & opponent):  0.00 0.01 ; Trained episode: 0
Episode:  150 controlled agent:  1 ; Episode Return:  -499.0 ; win rate(controlled & opponent):  0.00 0.01 ; Trained episode: 0
Episode:  151 controlled agent:  1 ; Episode Return:  -499.0 ; win rate(controlled & opponent):  0.00 0.01 ; Trained episode: 0
Episode:  152 controlled agent:  1 ; Episode Return:  -499.0 ; win rate(controlled & opponent):  0.00 0.01 ; Trained episode: 0
Episode:  153 controlled agent:  1 ; Episode Return:  -499.0 ; win rate(controlled & opponent):  0.00 0.01 ; Trained episode: 0
Episode:  154 controlled agent:  1 ; Episode Return:  -499.0 ; win rate(controlled & opponent):  0.00 0.01 ; Trained episode: 0
Episode:  155 controlled agent:  1 ; Episode Return:  -499.0 ; win rate(controlled & opponent):  0.00 0.01 ; Trained episode: 0
Episode:  156 controlled agent:  1 ; Episode Return:  -499.0 ; win rate(controlled & opponent):  0.00 0.01 ; Trained episode: 0
Episode:  157 controlled agent:  1 ; Episode Return:  -499.0 ; win rate(controlled & opponent):  0.00 0.01 ; Trained episode: 0
Episode:  158 controlled agent:  1 ; Episode Return:  -499.0 ; win rate(controlled & opponent):  0.00 0.01 ; Trained episode: 0
Episode:  159 controlled agent:  1 ; Episode Return:  -499.0 ; win rate(controlled & opponent):  0.00 0.01 ; Trained episode: 0
Episode:  160 controlled agent:  1 ; Episode Return:  -499.0 ; win rate(controlled & opponent):  0.00 0.01 ; Trained episode: 0
Episode:  161 controlled agent:  1 ; Episode Return:  -499.0 ; win rate(controlled & opponent):  0.00 0.01 ; Trained episode: 0
Episode:  162 controlled agent:  1 ; Episode Return:  -499.0 ; win rate(controlled & opponent):  0.00 0.01 ; Trained episode: 0
Episode:  163 controlled agent:  1 ; Episode Return:  -499.0 ; win rate(controlled & opponent):  0.00 0.01 ; Trained episode: 0
Episode:  164 controlled agent:  1 ; Episode Return:  -499.0 ; win rate(controlled & opponent):  0.00 0.01 ; Trained episode: 0
Episode:  165 controlled agent:  1 ; Episode Return:  -499.0 ; win rate(controlled & opponent):  0.00 0.01 ; Trained episode: 0
Episode:  166 controlled agent:  1 ; Episode Return:  -499.0 ; win rate(controlled & opponent):  0.00 0.01 ; Trained episode: 0
Episode:  167 controlled agent:  1 ; Episode Return:  -499.0 ; win rate(controlled & opponent):  0.00 0.01 ; Trained episode: 0
Episode:  168 controlled agent:  1 ; Episode Return:  -499.0 ; win rate(controlled & opponent):  0.00 0.01 ; Trained episode: 0
Episode:  169 controlled agent:  1 ; Episode Return:  -499.0 ; win rate(controlled & opponent):  0.00 0.01 ; Trained episode: 0
Episode:  170 controlled agent:  1 ; Episode Return:  -499.0 ; win rate(controlled & opponent):  0.00 0.01 ; Trained episode: 0
Episode:  171 controlled agent:  1 ; Episode Return:  -499.0 ; win rate(controlled & opponent):  0.00 0.01 ; Trained episode: 0
Episode:  172 controlled agent:  1 ; Episode Return:  -499.0 ; win rate(controlled & opponent):  0.00 0.01 ; Trained episode: 0
Episode:  173 controlled agent:  1 ; Episode Return:  -499.0 ; win rate(controlled & opponent):  0.00 0.01 ; Trained episode: 0
Episode:  174 controlled agent:  1 ; Episode Return:  -499.0 ; win rate(controlled & opponent):  0.00 0.01 ; Trained episode: 0
Episode:  175 controlled agent:  1 ; Episode Return:  -499.0 ; win rate(controlled & opponent):  0.00 0.01 ; Trained episode: 0
Episode:  176 controlled agent:  1 ; Episode Return:  -499.0 ; win rate(controlled & opponent):  0.00 0.01 ; Trained episode: 0
Episode:  177 controlled agent:  1 ; Episode Return:  -499.0 ; win rate(controlled & opponent):  0.00 0.01 ; Trained episode: 0
Episode:  178 controlled agent:  1 ; Episode Return:  -499.0 ; win rate(controlled & opponent):  0.00 0.01 ; Trained episode: 0
Episode:  179 controlled agent:  1 ; Episode Return:  -499.0 ; win rate(controlled & opponent):  0.00 0.01 ; Trained episode: 0
Episode:  180 controlled agent:  1 ; Episode Return:  -499.0 ; win rate(controlled & opponent):  0.00 0.01 ; Trained episode: 0
Episode:  181 controlled agent:  1 ; Episode Return:  -499.0 ; win rate(controlled & opponent):  0.00 0.01 ; Trained episode: 0
Episode:  182 controlled agent:  1 ; Episode Return:  -499.0 ; win rate(controlled & opponent):  0.00 0.01 ; Trained episode: 0
Episode:  183 controlled agent:  1 ; Episode Return:  -499.0 ; win rate(controlled & opponent):  0.00 0.01 ; Trained episode: 0
Episode:  184 controlled agent:  1 ; Episode Return:  -499.0 ; win rate(controlled & opponent):  0.00 0.01 ; Trained episode: 0
Episode:  185 controlled agent:  1 ; Episode Return:  -499.0 ; win rate(controlled & opponent):  0.00 0.01 ; Trained episode: 0
Episode:  186 controlled agent:  1 ; Episode Return:  -499.0 ; win rate(controlled & opponent):  0.00 0.00 ; Trained episode: 0
Episode:  187 controlled agent:  1 ; Episode Return:  -499.0 ; win rate(controlled & opponent):  0.00 0.00 ; Trained episode: 0
Episode:  188 controlled agent:  1 ; Episode Return:  -499.0 ; win rate(controlled & opponent):  0.00 0.00 ; Trained episode: 0
Episode:  189 controlled agent:  1 ; Episode Return:  -499.0 ; win rate(controlled & opponent):  0.00 0.00 ; Trained episode: 0
Episode:  190 controlled agent:  1 ; Episode Return:  -499.0 ; win rate(controlled & opponent):  0.00 0.00 ; Trained episode: 0
Episode:  191 controlled agent:  1 ; Episode Return:  -499.0 ; win rate(controlled & opponent):  0.00 0.00 ; Trained episode: 0
Episode:  192 controlled agent:  1 ; Episode Return:  -499.0 ; win rate(controlled & opponent):  0.00 0.00 ; Trained episode: 0
Episode:  193 controlled agent:  1 ; Episode Return:  -499.0 ; win rate(controlled & opponent):  0.00 0.00 ; Trained episode: 0
Episode:  194 controlled agent:  1 ; Episode Return:  -499.0 ; win rate(controlled & opponent):  0.00 0.00 ; Trained episode: 0
Episode:  195 controlled agent:  1 ; Episode Return:  -499.0 ; win rate(controlled & opponent):  0.00 0.00 ; Trained episode: 0
Episode:  196 controlled agent:  1 ; Episode Return:  -499.0 ; win rate(controlled & opponent):  0.00 0.00 ; Trained episode: 0
Episode:  197 controlled agent:  1 ; Episode Return:  -499.0 ; win rate(controlled & opponent):  0.00 0.00 ; Trained episode: 0
Episode:  198 controlled agent:  1 ; Episode Return:  -499.0 ; win rate(controlled & opponent):  0.00 0.00 ; Trained episode: 0
Episode:  199 controlled agent:  1 ; Episode Return:  -398.0 ; win rate(controlled & opponent):  0.01 0.00 ; Trained episode: 0
Episode:  200 controlled agent:  1 ; Episode Return:  -499.0 ; win rate(controlled & opponent):  0.01 0.00 ; Trained episode: 1
Episode:  201 controlled agent:  1 ; Episode Return:  -499.0 ; win rate(controlled & opponent):  0.01 0.00 ; Trained episode: 1
Episode:  202 controlled agent:  1 ; Episode Return:  -499.0 ; win rate(controlled & opponent):  0.01 0.00 ; Trained episode: 1
Episode:  203 controlled agent:  1 ; Episode Return:  -499.0 ; win rate(controlled & opponent):  0.01 0.00 ; Trained episode: 1
Episode:  204 controlled agent:  1 ; Episode Return:  -499.0 ; win rate(controlled & opponent):  0.01 0.00 ; Trained episode: 1
Episode:  205 controlled agent:  1 ; Episode Return:  -499.0 ; win rate(controlled & opponent):  0.01 0.00 ; Trained episode: 1
Episode:  206 controlled agent:  1 ; Episode Return:  -499.0 ; win rate(controlled & opponent):  0.01 0.00 ; Trained episode: 1
Episode:  207 controlled agent:  1 ; Episode Return:  -499.0 ; win rate(controlled & opponent):  0.01 0.00 ; Trained episode: 1
Episode:  208 controlled agent:  1 ; Episode Return:  -499.0 ; win rate(controlled & opponent):  0.01 0.00 ; Trained episode: 1
Episode:  209 controlled agent:  1 ; Episode Return:  -499.0 ; win rate(controlled & opponent):  0.01 0.00 ; Trained episode: 1
Episode:  210 controlled agent:  1 ; Episode Return:  -499.0 ; win rate(controlled & opponent):  0.01 0.00 ; Trained episode: 1
Episode:  211 controlled agent:  1 ; Episode Return:  -499.0 ; win rate(controlled & opponent):  0.01 0.00 ; Trained episode: 1
Episode:  212 controlled agent:  1 ; Episode Return:  -499.0 ; win rate(controlled & opponent):  0.01 0.00 ; Trained episode: 1
Episode:  213 controlled agent:  1 ; Episode Return:  -499.0 ; win rate(controlled & opponent):  0.01 0.00 ; Trained episode: 1
Episode:  214 controlled agent:  1 ; Episode Return:  -499.0 ; win rate(controlled & opponent):  0.01 0.00 ; Trained episode: 1
Episode:  215 controlled agent:  1 ; Episode Return:  -499.0 ; win rate(controlled & opponent):  0.01 0.00 ; Trained episode: 1
Episode:  216 controlled agent:  1 ; Episode Return:  -499.0 ; win rate(controlled & opponent):  0.01 0.00 ; Trained episode: 1
Episode:  217 controlled agent:  1 ; Episode Return:  -499.0 ; win rate(controlled & opponent):  0.01 0.00 ; Trained episode: 1
Episode:  218 controlled agent:  1 ; Episode Return:  -499.0 ; win rate(controlled & opponent):  0.01 0.00 ; Trained episode: 1
Episode:  219 controlled agent:  1 ; Episode Return:  -499.0 ; win rate(controlled & opponent):  0.01 0.00 ; Trained episode: 1
Episode:  220 controlled agent:  1 ; Episode Return:  -499.0 ; win rate(controlled & opponent):  0.01 0.00 ; Trained episode: 1
Episode:  221 controlled agent:  1 ; Episode Return:  -499.0 ; win rate(controlled & opponent):  0.01 0.00 ; Trained episode: 1
Episode:  222 controlled agent:  1 ; Episode Return:  -499.0 ; win rate(controlled & opponent):  0.01 0.00 ; Trained episode: 1
Episode:  223 controlled agent:  1 ; Episode Return:  -499.0 ; win rate(controlled & opponent):  0.01 0.00 ; Trained episode: 1
Episode:  224 controlled agent:  1 ; Episode Return:  -499.0 ; win rate(controlled & opponent):  0.01 0.00 ; Trained episode: 1
Episode:  225 controlled agent:  1 ; Episode Return:  -499.0 ; win rate(controlled & opponent):  0.01 0.00 ; Trained episode: 1
Episode:  226 controlled agent:  1 ; Episode Return:  -499.0 ; win rate(controlled & opponent):  0.01 0.00 ; Trained episode: 1
Episode:  227 controlled agent:  1 ; Episode Return:  -499.0 ; win rate(controlled & opponent):  0.01 0.00 ; Trained episode: 1
Episode:  228 controlled agent:  1 ; Episode Return:  -499.0 ; win rate(controlled & opponent):  0.01 0.00 ; Trained episode: 1
Episode:  229 controlled agent:  1 ; Episode Return:  -499.0 ; win rate(controlled & opponent):  0.01 0.00 ; Trained episode: 1
Episode:  230 controlled agent:  1 ; Episode Return:  -499.0 ; win rate(controlled & opponent):  0.01 0.00 ; Trained episode: 1
Episode:  231 controlled agent:  1 ; Episode Return:  -499.0 ; win rate(controlled & opponent):  0.01 0.00 ; Trained episode: 1
Episode:  232 controlled agent:  1 ; Episode Return:  -499.0 ; win rate(controlled & opponent):  0.01 0.00 ; Trained episode: 1
Episode:  233 controlled agent:  1 ; Episode Return:  -499.0 ; win rate(controlled & opponent):  0.01 0.00 ; Trained episode: 1
Episode:  234 controlled agent:  1 ; Episode Return:  -499.0 ; win rate(controlled & opponent):  0.01 0.00 ; Trained episode: 1
Episode:  235 controlled agent:  1 ; Episode Return:  -499.0 ; win rate(controlled & opponent):  0.01 0.00 ; Trained episode: 1
Episode:  236 controlled agent:  1 ; Episode Return:  -499.0 ; win rate(controlled & opponent):  0.01 0.00 ; Trained episode: 1
Episode:  237 controlled agent:  1 ; Episode Return:  -499.0 ; win rate(controlled & opponent):  0.01 0.00 ; Trained episode: 1
Episode:  238 controlled agent:  1 ; Episode Return:  -499.0 ; win rate(controlled & opponent):  0.01 0.00 ; Trained episode: 1
Episode:  239 controlled agent:  1 ; Episode Return:  -499.0 ; win rate(controlled & opponent):  0.01 0.00 ; Trained episode: 1
Episode:  240 controlled agent:  1 ; Episode Return:  -499.0 ; win rate(controlled & opponent):  0.01 0.00 ; Trained episode: 1
Episode:  241 controlled agent:  1 ; Episode Return:  -499.0 ; win rate(controlled & opponent):  0.01 0.00 ; Trained episode: 1
Episode:  242 controlled agent:  1 ; Episode Return:  -499.0 ; win rate(controlled & opponent):  0.01 0.00 ; Trained episode: 1
Episode:  243 controlled agent:  1 ; Episode Return:  -499.0 ; win rate(controlled & opponent):  0.01 0.00 ; Trained episode: 1
Episode:  244 controlled agent:  1 ; Episode Return:  -499.0 ; win rate(controlled & opponent):  0.01 0.00 ; Trained episode: 1
Episode:  245 controlled agent:  1 ; Episode Return:  -499.0 ; win rate(controlled & opponent):  0.01 0.00 ; Trained episode: 1
Episode:  246 controlled agent:  1 ; Episode Return:  -499.0 ; win rate(controlled & opponent):  0.01 0.00 ; Trained episode: 1
Episode:  247 controlled agent:  1 ; Episode Return:  -499.0 ; win rate(controlled & opponent):  0.01 0.00 ; Trained episode: 1
Episode:  248 controlled agent:  1 ; Episode Return:  -499.0 ; win rate(controlled & opponent):  0.01 0.00 ; Trained episode: 1
Episode:  249 controlled agent:  1 ; Episode Return:  -499.0 ; win rate(controlled & opponent):  0.01 0.00 ; Trained episode: 1
Episode:  250 controlled agent:  1 ; Episode Return:  -499.0 ; win rate(controlled & opponent):  0.01 0.00 ; Trained episode: 1
Episode:  251 controlled agent:  1 ; Episode Return:  -499.0 ; win rate(controlled & opponent):  0.01 0.00 ; Trained episode: 1
Episode:  252 controlled agent:  1 ; Episode Return:  -499.0 ; win rate(controlled & opponent):  0.01 0.00 ; Trained episode: 1
Episode:  253 controlled agent:  1 ; Episode Return:  -499.0 ; win rate(controlled & opponent):  0.01 0.00 ; Trained episode: 1
Episode:  254 controlled agent:  1 ; Episode Return:  -499.0 ; win rate(controlled & opponent):  0.01 0.00 ; Trained episode: 1
Episode:  255 controlled agent:  1 ; Episode Return:  -499.0 ; win rate(controlled & opponent):  0.01 0.00 ; Trained episode: 1
Episode:  256 controlled agent:  1 ; Episode Return:  -492.0 ; win rate(controlled & opponent):  0.01 0.01 ; Trained episode: 1
Episode:  257 controlled agent:  1 ; Episode Return:  -499.0 ; win rate(controlled & opponent):  0.01 0.01 ; Trained episode: 1
Episode:  258 controlled agent:  1 ; Episode Return:  -499.0 ; win rate(controlled & opponent):  0.01 0.01 ; Trained episode: 1
Episode:  259 controlled agent:  1 ; Episode Return:  -499.0 ; win rate(controlled & opponent):  0.01 0.01 ; Trained episode: 1
Episode:  260 controlled agent:  1 ; Episode Return:  -499.0 ; win rate(controlled & opponent):  0.01 0.01 ; Trained episode: 1
Episode:  261 controlled agent:  1 ; Episode Return:  -499.0 ; win rate(controlled & opponent):  0.01 0.01 ; Trained episode: 1
Episode:  262 controlled agent:  1 ; Episode Return:  -499.0 ; win rate(controlled & opponent):  0.01 0.01 ; Trained episode: 1
Episode:  263 controlled agent:  1 ; Episode Return:  -499.0 ; win rate(controlled & opponent):  0.01 0.01 ; Trained episode: 1
Episode:  264 controlled agent:  1 ; Episode Return:  -499.0 ; win rate(controlled & opponent):  0.01 0.01 ; Trained episode: 1
Episode:  265 controlled agent:  1 ; Episode Return:  -499.0 ; win rate(controlled & opponent):  0.01 0.01 ; Trained episode: 1
Episode:  266 controlled agent:  1 ; Episode Return:  -499.0 ; win rate(controlled & opponent):  0.01 0.01 ; Trained episode: 1
Episode:  267 controlled agent:  1 ; Episode Return:  -499.0 ; win rate(controlled & opponent):  0.01 0.01 ; Trained episode: 1
Episode:  268 controlled agent:  1 ; Episode Return:  -499.0 ; win rate(controlled & opponent):  0.01 0.01 ; Trained episode: 1
Episode:  269 controlled agent:  1 ; Episode Return:  -499.0 ; win rate(controlled & opponent):  0.01 0.01 ; Trained episode: 1
Episode:  270 controlled agent:  1 ; Episode Return:  -499.0 ; win rate(controlled & opponent):  0.01 0.01 ; Trained episode: 1
Episode:  271 controlled agent:  1 ; Episode Return:  -499.0 ; win rate(controlled & opponent):  0.01 0.01 ; Trained episode: 1
Episode:  272 controlled agent:  1 ; Episode Return:  -499.0 ; win rate(controlled & opponent):  0.01 0.01 ; Trained episode: 1
Episode:  273 controlled agent:  1 ; Episode Return:  -499.0 ; win rate(controlled & opponent):  0.01 0.01 ; Trained episode: 1
Episode:  274 controlled agent:  1 ; Episode Return:  -499.0 ; win rate(controlled & opponent):  0.01 0.01 ; Trained episode: 1
Episode:  275 controlled agent:  1 ; Episode Return:  -499.0 ; win rate(controlled & opponent):  0.01 0.01 ; Trained episode: 1
Episode:  276 controlled agent:  1 ; Episode Return:  -499.0 ; win rate(controlled & opponent):  0.01 0.01 ; Trained episode: 1
Episode:  277 controlled agent:  1 ; Episode Return:  -499.0 ; win rate(controlled & opponent):  0.01 0.01 ; Trained episode: 1
Episode:  278 controlled agent:  1 ; Episode Return:  -499.0 ; win rate(controlled & opponent):  0.01 0.01 ; Trained episode: 1
Episode:  279 controlled agent:  1 ; Episode Return:  -499.0 ; win rate(controlled & opponent):  0.01 0.01 ; Trained episode: 1
Episode:  280 controlled agent:  1 ; Episode Return:  -499.0 ; win rate(controlled & opponent):  0.01 0.01 ; Trained episode: 1
Episode:  281 controlled agent:  1 ; Episode Return:  -499.0 ; win rate(controlled & opponent):  0.01 0.01 ; Trained episode: 1
Episode:  282 controlled agent:  1 ; Episode Return:  -499.0 ; win rate(controlled & opponent):  0.01 0.01 ; Trained episode: 1
Episode:  283 controlled agent:  1 ; Episode Return:  -499.0 ; win rate(controlled & opponent):  0.01 0.01 ; Trained episode: 1
Episode:  284 controlled agent:  1 ; Episode Return:  -499.0 ; win rate(controlled & opponent):  0.01 0.01 ; Trained episode: 1
Episode:  285 controlled agent:  1 ; Episode Return:  -499.0 ; win rate(controlled & opponent):  0.01 0.01 ; Trained episode: 1
Episode:  286 controlled agent:  1 ; Episode Return:  -499.0 ; win rate(controlled & opponent):  0.01 0.01 ; Trained episode: 1
Episode:  287 controlled agent:  1 ; Episode Return:  -499.0 ; win rate(controlled & opponent):  0.01 0.01 ; Trained episode: 1
Episode:  288 controlled agent:  1 ; Episode Return:  -499.0 ; win rate(controlled & opponent):  0.01 0.01 ; Trained episode: 1
Episode:  289 controlled agent:  1 ; Episode Return:  -499.0 ; win rate(controlled & opponent):  0.01 0.01 ; Trained episode: 1
Episode:  290 controlled agent:  1 ; Episode Return:  -499.0 ; win rate(controlled & opponent):  0.01 0.01 ; Trained episode: 1
Episode:  291 controlled agent:  1 ; Episode Return:  -499.0 ; win rate(controlled & opponent):  0.01 0.01 ; Trained episode: 1
Episode:  292 controlled agent:  1 ; Episode Return:  -499.0 ; win rate(controlled & opponent):  0.01 0.01 ; Trained episode: 1
Episode:  293 controlled agent:  1 ; Episode Return:  -499.0 ; win rate(controlled & opponent):  0.01 0.01 ; Trained episode: 1
Episode:  294 controlled agent:  1 ; Episode Return:  -499.0 ; win rate(controlled & opponent):  0.01 0.01 ; Trained episode: 1
Episode:  295 controlled agent:  1 ; Episode Return:  -499.0 ; win rate(controlled & opponent):  0.01 0.01 ; Trained episode: 1
Episode:  296 controlled agent:  1 ; Episode Return:  -499.0 ; win rate(controlled & opponent):  0.01 0.01 ; Trained episode: 1
Episode:  297 controlled agent:  1 ; Episode Return:  -499.0 ; win rate(controlled & opponent):  0.01 0.01 ; Trained episode: 1
Episode:  298 controlled agent:  1 ; Episode Return:  -499.0 ; win rate(controlled & opponent):  0.01 0.01 ; Trained episode: 1
Episode:  299 controlled agent:  1 ; Episode Return:  -499.0 ; win rate(controlled & opponent):  0.00 0.01 ; Trained episode: 1
Episode:  300 controlled agent:  1 ; Episode Return:  -499.0 ; win rate(controlled & opponent):  0.00 0.01 ; Trained episode: 1
Episode:  301 controlled agent:  1 ; Episode Return:  -499.0 ; win rate(controlled & opponent):  0.00 0.01 ; Trained episode: 1
Episode:  302 controlled agent:  1 ; Episode Return:  -499.0 ; win rate(controlled & opponent):  0.00 0.01 ; Trained episode: 1
Episode:  303 controlled agent:  1 ; Episode Return:  -499.0 ; win rate(controlled & opponent):  0.00 0.01 ; Trained episode: 1
Episode:  304 controlled agent:  1 ; Episode Return:  -499.0 ; win rate(controlled & opponent):  0.00 0.01 ; Trained episode: 1
Episode:  305 controlled agent:  1 ; Episode Return:  -499.0 ; win rate(controlled & opponent):  0.00 0.01 ; Trained episode: 1
Episode:  306 controlled agent:  1 ; Episode Return:  -499.0 ; win rate(controlled & opponent):  0.00 0.01 ; Trained episode: 1
Episode:  307 controlled agent:  1 ; Episode Return:  -499.0 ; win rate(controlled & opponent):  0.00 0.01 ; Trained episode: 1
Episode:  308 controlled agent:  1 ; Episode Return:  -499.0 ; win rate(controlled & opponent):  0.00 0.01 ; Trained episode: 1
Episode:  309 controlled agent:  1 ; Episode Return:  -499.0 ; win rate(controlled & opponent):  0.00 0.01 ; Trained episode: 1
Episode:  310 controlled agent:  1 ; Episode Return:  -499.0 ; win rate(controlled & opponent):  0.00 0.01 ; Trained episode: 1
Episode:  311 controlled agent:  1 ; Episode Return:  -499.0 ; win rate(controlled & opponent):  0.00 0.01 ; Trained episode: 1
Episode:  312 controlled agent:  1 ; Episode Return:  -499.0 ; win rate(controlled & opponent):  0.00 0.01 ; Trained episode: 1
Episode:  313 controlled agent:  1 ; Episode Return:  -499.0 ; win rate(controlled & opponent):  0.00 0.01 ; Trained episode: 1
Episode:  314 controlled agent:  1 ; Episode Return:  -499.0 ; win rate(controlled & opponent):  0.00 0.01 ; Trained episode: 1
Episode:  315 controlled agent:  1 ; Episode Return:  -499.0 ; win rate(controlled & opponent):  0.00 0.01 ; Trained episode: 1
Episode:  316 controlled agent:  1 ; Episode Return:  -499.0 ; win rate(controlled & opponent):  0.00 0.01 ; Trained episode: 1
Episode:  317 controlled agent:  1 ; Episode Return:  -499.0 ; win rate(controlled & opponent):  0.00 0.01 ; Trained episode: 1
Episode:  318 controlled agent:  1 ; Episode Return:  -499.0 ; win rate(controlled & opponent):  0.00 0.01 ; Trained episode: 1
Episode:  319 controlled agent:  1 ; Episode Return:  -499.0 ; win rate(controlled & opponent):  0.00 0.01 ; Trained episode: 1
Episode:  320 controlled agent:  1 ; Episode Return:  -499.0 ; win rate(controlled & opponent):  0.00 0.01 ; Trained episode: 1
Episode:  321 controlled agent:  1 ; Episode Return:  -499.0 ; win rate(controlled & opponent):  0.00 0.01 ; Trained episode: 1
Episode:  322 controlled agent:  1 ; Episode Return:  -499.0 ; win rate(controlled & opponent):  0.00 0.01 ; Trained episode: 1
Episode:  323 controlled agent:  1 ; Episode Return:  -499.0 ; win rate(controlled & opponent):  0.00 0.01 ; Trained episode: 1
Episode:  324 controlled agent:  1 ; Episode Return:  -499.0 ; win rate(controlled & opponent):  0.00 0.01 ; Trained episode: 1
Episode:  325 controlled agent:  1 ; Episode Return:  -499.0 ; win rate(controlled & opponent):  0.00 0.01 ; Trained episode: 1
Episode:  326 controlled agent:  1 ; Episode Return:  -499.0 ; win rate(controlled & opponent):  0.00 0.01 ; Trained episode: 1
Episode:  327 controlled agent:  1 ; Episode Return:  -499.0 ; win rate(controlled & opponent):  0.00 0.01 ; Trained episode: 1
Episode:  328 controlled agent:  1 ; Episode Return:  -499.0 ; win rate(controlled & opponent):  0.00 0.01 ; Trained episode: 1
Episode:  329 controlled agent:  1 ; Episode Return:  -499.0 ; win rate(controlled & opponent):  0.00 0.01 ; Trained episode: 1
Episode:  330 controlled agent:  1 ; Episode Return:  -499.0 ; win rate(controlled & opponent):  0.00 0.01 ; Trained episode: 1
Episode:  331 controlled agent:  1 ; Episode Return:  -499.0 ; win rate(controlled & opponent):  0.00 0.01 ; Trained episode: 1
Episode:  332 controlled agent:  1 ; Episode Return:  -499.0 ; win rate(controlled & opponent):  0.00 0.01 ; Trained episode: 1
Episode:  333 controlled agent:  1 ; Episode Return:  -499.0 ; win rate(controlled & opponent):  0.00 0.01 ; Trained episode: 1
Episode:  334 controlled agent:  1 ; Episode Return:  -499.0 ; win rate(controlled & opponent):  0.00 0.01 ; Trained episode: 1
Episode:  335 controlled agent:  1 ; Episode Return:  -499.0 ; win rate(controlled & opponent):  0.00 0.01 ; Trained episode: 1
Episode:  336 controlled agent:  1 ; Episode Return:  -499.0 ; win rate(controlled & opponent):  0.00 0.01 ; Trained episode: 1
Episode:  337 controlled agent:  1 ; Episode Return:  -499.0 ; win rate(controlled & opponent):  0.00 0.01 ; Trained episode: 1
Episode:  338 controlled agent:  1 ; Episode Return:  -499.0 ; win rate(controlled & opponent):  0.00 0.01 ; Trained episode: 1
Episode:  339 controlled agent:  1 ; Episode Return:  -499.0 ; win rate(controlled & opponent):  0.00 0.01 ; Trained episode: 1
Episode:  340 controlled agent:  1 ; Episode Return:  -499.0 ; win rate(controlled & opponent):  0.00 0.01 ; Trained episode: 1
Episode:  341 controlled agent:  1 ; Episode Return:  -499.0 ; win rate(controlled & opponent):  0.00 0.01 ; Trained episode: 1
Episode:  342 controlled agent:  1 ; Episode Return:  -499.0 ; win rate(controlled & opponent):  0.00 0.01 ; Trained episode: 1
Episode:  343 controlled agent:  1 ; Episode Return:  -499.0 ; win rate(controlled & opponent):  0.00 0.01 ; Trained episode: 1
Episode:  344 controlled agent:  1 ; Episode Return:  -499.0 ; win rate(controlled & opponent):  0.00 0.01 ; Trained episode: 1
Episode:  345 controlled agent:  1 ; Episode Return:  -499.0 ; win rate(controlled & opponent):  0.00 0.01 ; Trained episode: 1
Episode:  346 controlled agent:  1 ; Episode Return:  -499.0 ; win rate(controlled & opponent):  0.00 0.01 ; Trained episode: 1
Episode:  347 controlled agent:  1 ; Episode Return:  -499.0 ; win rate(controlled & opponent):  0.00 0.01 ; Trained episode: 1
Episode:  348 controlled agent:  1 ; Episode Return:  -499.0 ; win rate(controlled & opponent):  0.00 0.01 ; Trained episode: 1
Episode:  349 controlled agent:  1 ; Episode Return:  -499.0 ; win rate(controlled & opponent):  0.00 0.01 ; Trained episode: 1
Episode:  350 controlled agent:  1 ; Episode Return:  -499.0 ; win rate(controlled & opponent):  0.00 0.01 ; Trained episode: 1
Episode:  351 controlled agent:  1 ; Episode Return:  -499.0 ; win rate(controlled & opponent):  0.00 0.01 ; Trained episode: 1
Episode:  352 controlled agent:  1 ; Episode Return:  -499.0 ; win rate(controlled & opponent):  0.00 0.01 ; Trained episode: 1
Episode:  353 controlled agent:  1 ; Episode Return:  -499.0 ; win rate(controlled & opponent):  0.00 0.01 ; Trained episode: 1
Episode:  354 controlled agent:  1 ; Episode Return:  -499.0 ; win rate(controlled & opponent):  0.00 0.01 ; Trained episode: 1
Episode:  355 controlled agent:  1 ; Episode Return:  -499.0 ; win rate(controlled & opponent):  0.00 0.01 ; Trained episode: 1
Episode:  356 controlled agent:  1 ; Episode Return:  -499.0 ; win rate(controlled & opponent):  0.00 0.00 ; Trained episode: 1
Episode:  357 controlled agent:  1 ; Episode Return:  -499.0 ; win rate(controlled & opponent):  0.00 0.00 ; Trained episode: 1
Episode:  358 controlled agent:  1 ; Episode Return:  -499.0 ; win rate(controlled & opponent):  0.00 0.00 ; Trained episode: 1
Episode:  359 controlled agent:  1 ; Episode Return:  -499.0 ; win rate(controlled & opponent):  0.00 0.00 ; Trained episode: 1
Episode:  360 controlled agent:  1 ; Episode Return:  -499.0 ; win rate(controlled & opponent):  0.00 0.00 ; Trained episode: 1
Episode:  361 controlled agent:  1 ; Episode Return:  -499.0 ; win rate(controlled & opponent):  0.00 0.00 ; Trained episode: 1
Episode:  362 controlled agent:  1 ; Episode Return:  -499.0 ; win rate(controlled & opponent):  0.00 0.00 ; Trained episode: 1
Episode:  363 controlled agent:  1 ; Episode Return:  -499.0 ; win rate(controlled & opponent):  0.00 0.00 ; Trained episode: 1
Episode:  364 controlled agent:  1 ; Episode Return:  -499.0 ; win rate(controlled & opponent):  0.00 0.00 ; Trained episode: 1
Episode:  365 controlled agent:  1 ; Episode Return:  -499.0 ; win rate(controlled & opponent):  0.00 0.00 ; Trained episode: 1
Episode:  366 controlled agent:  1 ; Episode Return:  -499.0 ; win rate(controlled & opponent):  0.00 0.00 ; Trained episode: 1
Episode:  367 controlled agent:  1 ; Episode Return:  -499.0 ; win rate(controlled & opponent):  0.00 0.00 ; Trained episode: 1
Episode:  368 controlled agent:  1 ; Episode Return:  -499.0 ; win rate(controlled & opponent):  0.00 0.00 ; Trained episode: 1
Episode:  369 controlled agent:  1 ; Episode Return:  -499.0 ; win rate(controlled & opponent):  0.00 0.00 ; Trained episode: 1
Episode:  370 controlled agent:  1 ; Episode Return:  -499.0 ; win rate(controlled & opponent):  0.00 0.00 ; Trained episode: 1
Episode:  371 controlled agent:  1 ; Episode Return:  -499.0 ; win rate(controlled & opponent):  0.00 0.00 ; Trained episode: 1
Episode:  372 controlled agent:  1 ; Episode Return:  -499.0 ; win rate(controlled & opponent):  0.00 0.00 ; Trained episode: 1
Episode:  373 controlled agent:  1 ; Episode Return:  -499.0 ; win rate(controlled & opponent):  0.00 0.00 ; Trained episode: 1
Episode:  374 controlled agent:  1 ; Episode Return:  -499.0 ; win rate(controlled & opponent):  0.00 0.00 ; Trained episode: 1
Episode:  375 controlled agent:  1 ; Episode Return:  -499.0 ; win rate(controlled & opponent):  0.00 0.00 ; Trained episode: 1
Episode:  376 controlled agent:  1 ; Episode Return:  -499.0 ; win rate(controlled & opponent):  0.00 0.00 ; Trained episode: 1
Episode:  377 controlled agent:  1 ; Episode Return:  -499.0 ; win rate(controlled & opponent):  0.00 0.00 ; Trained episode: 1
Episode:  378 controlled agent:  1 ; Episode Return:  -499.0 ; win rate(controlled & opponent):  0.00 0.00 ; Trained episode: 1
Episode:  379 controlled agent:  1 ; Episode Return:  -499.0 ; win rate(controlled & opponent):  0.00 0.00 ; Trained episode: 1
Episode:  380 controlled agent:  1 ; Episode Return:  -499.0 ; win rate(controlled & opponent):  0.00 0.00 ; Trained episode: 1
Episode:  381 controlled agent:  1 ; Episode Return:  -499.0 ; win rate(controlled & opponent):  0.00 0.00 ; Trained episode: 1
Episode:  382 controlled agent:  1 ; Episode Return:  -499.0 ; win rate(controlled & opponent):  0.00 0.00 ; Trained episode: 1
Episode:  383 controlled agent:  1 ; Episode Return:  -499.0 ; win rate(controlled & opponent):  0.00 0.00 ; Trained episode: 1
Episode:  384 controlled agent:  1 ; Episode Return:  -499.0 ; win rate(controlled & opponent):  0.00 0.00 ; Trained episode: 1
Episode:  385 controlled agent:  1 ; Episode Return:  -499.0 ; win rate(controlled & opponent):  0.00 0.00 ; Trained episode: 1
Episode:  386 controlled agent:  1 ; Episode Return:  -499.0 ; win rate(controlled & opponent):  0.00 0.00 ; Trained episode: 1
Episode:  387 controlled agent:  1 ; Episode Return:  -499.0 ; win rate(controlled & opponent):  0.00 0.00 ; Trained episode: 1
Episode:  388 controlled agent:  1 ; Episode Return:  -499.0 ; win rate(controlled & opponent):  0.00 0.00 ; Trained episode: 1
Episode:  389 controlled agent:  1 ; Episode Return:  -499.0 ; win rate(controlled & opponent):  0.00 0.00 ; Trained episode: 1
Episode:  390 controlled agent:  1 ; Episode Return:  -499.0 ; win rate(controlled & opponent):  0.00 0.00 ; Trained episode: 1
Episode:  391 controlled agent:  1 ; Episode Return:  -499.0 ; win rate(controlled & opponent):  0.00 0.00 ; Trained episode: 1
Episode:  392 controlled agent:  1 ; Episode Return:  -499.0 ; win rate(controlled & opponent):  0.00 0.00 ; Trained episode: 1
Episode:  393 controlled agent:  1 ; Episode Return:  -499.0 ; win rate(controlled & opponent):  0.00 0.00 ; Trained episode: 1
Episode:  394 controlled agent:  1 ; Episode Return:  -499.0 ; win rate(controlled & opponent):  0.00 0.00 ; Trained episode: 1
Episode:  395 controlled agent:  1 ; Episode Return:  -499.0 ; win rate(controlled & opponent):  0.00 0.00 ; Trained episode: 1
Episode:  396 controlled agent:  1 ; Episode Return:  -499.0 ; win rate(controlled & opponent):  0.00 0.00 ; Trained episode: 1
Episode:  397 controlled agent:  1 ; Episode Return:  -499.0 ; win rate(controlled & opponent):  0.00 0.00 ; Trained episode: 1
Episode:  398 controlled agent:  1 ; Episode Return:  -499.0 ; win rate(controlled & opponent):  0.00 0.00 ; Trained episode: 1
Episode:  399 controlled agent:  1 ; Episode Return:  -499.0 ; win rate(controlled & opponent):  0.00 0.00 ; Trained episode: 1
Episode:  400 controlled agent:  1 ; Episode Return:  -499.0 ; win rate(controlled & opponent):  0.00 0.00 ; Trained episode: 1
Episode:  401 controlled agent:  1 ; Episode Return:  -499.0 ; win rate(controlled & opponent):  0.00 0.00 ; Trained episode: 1
Episode:  402 controlled agent:  1 ; Episode Return:  -499.0 ; win rate(controlled & opponent):  0.00 0.00 ; Trained episode: 1
Episode:  403 controlled agent:  1 ; Episode Return:  -499.0 ; win rate(controlled & opponent):  0.00 0.00 ; Trained episode: 1
Episode:  404 controlled agent:  1 ; Episode Return:  -499.0 ; win rate(controlled & opponent):  0.00 0.00 ; Trained episode: 1
Episode:  405 controlled agent:  1 ; Episode Return:  -499.0 ; win rate(controlled & opponent):  0.00 0.00 ; Trained episode: 1
Episode:  406 controlled agent:  1 ; Episode Return:  -499.0 ; win rate(controlled & opponent):  0.00 0.00 ; Trained episode: 1
Episode:  407 controlled agent:  1 ; Episode Return:  -499.0 ; win rate(controlled & opponent):  0.00 0.00 ; Trained episode: 1
Episode:  408 controlled agent:  1 ; Episode Return:  -499.0 ; win rate(controlled & opponent):  0.00 0.00 ; Trained episode: 1
Episode:  409 controlled agent:  1 ; Episode Return:  -499.0 ; win rate(controlled & opponent):  0.00 0.00 ; Trained episode: 1
Episode:  410 controlled agent:  1 ; Episode Return:  -499.0 ; win rate(controlled & opponent):  0.00 0.00 ; Trained episode: 1
Episode:  411 controlled agent:  1 ; Episode Return:  -499.0 ; win rate(controlled & opponent):  0.00 0.00 ; Trained episode: 1
Episode:  412 controlled agent:  1 ; Episode Return:  -499.0 ; win rate(controlled & opponent):  0.00 0.00 ; Trained episode: 1
Episode:  413 controlled agent:  1 ; Episode Return:  -499.0 ; win rate(controlled & opponent):  0.00 0.00 ; Trained episode: 1
Episode:  414 controlled agent:  1 ; Episode Return:  -499.0 ; win rate(controlled & opponent):  0.00 0.00 ; Trained episode: 1
Episode:  415 controlled agent:  1 ; Episode Return:  -499.0 ; win rate(controlled & opponent):  0.00 0.00 ; Trained episode: 1
Episode:  416 controlled agent:  1 ; Episode Return:  -499.0 ; win rate(controlled & opponent):  0.00 0.00 ; Trained episode: 1
Episode:  417 controlled agent:  1 ; Episode Return:  -499.0 ; win rate(controlled & opponent):  0.00 0.00 ; Trained episode: 1
Episode:  418 controlled agent:  1 ; Episode Return:  -499.0 ; win rate(controlled & opponent):  0.00 0.00 ; Trained episode: 1
Episode:  419 controlled agent:  1 ; Episode Return:  -499.0 ; win rate(controlled & opponent):  0.00 0.00 ; Trained episode: 1
Episode:  420 controlled agent:  1 ; Episode Return:  -499.0 ; win rate(controlled & opponent):  0.00 0.00 ; Trained episode: 1
Episode:  421 controlled agent:  1 ; Episode Return:  -499.0 ; win rate(controlled & opponent):  0.00 0.00 ; Trained episode: 1
Episode:  422 controlled agent:  1 ; Episode Return:  -499.0 ; win rate(controlled & opponent):  0.00 0.00 ; Trained episode: 1
Episode:  423 controlled agent:  1 ; Episode Return:  -499.0 ; win rate(controlled & opponent):  0.00 0.00 ; Trained episode: 1
Episode:  424 controlled agent:  1 ; Episode Return:  -499.0 ; win rate(controlled & opponent):  0.00 0.00 ; Trained episode: 1
Episode:  425 controlled agent:  1 ; Episode Return:  -499.0 ; win rate(controlled & opponent):  0.00 0.00 ; Trained episode: 1
Episode:  426 controlled agent:  1 ; Episode Return:  -499.0 ; win rate(controlled & opponent):  0.00 0.00 ; Trained episode: 1
Episode:  427 controlled agent:  1 ; Episode Return:  -499.0 ; win rate(controlled & opponent):  0.00 0.00 ; Trained episode: 1
Episode:  428 controlled agent:  1 ; Episode Return:  -499.0 ; win rate(controlled & opponent):  0.00 0.00 ; Trained episode: 1
Episode:  429 controlled agent:  1 ; Episode Return:  -499.0 ; win rate(controlled & opponent):  0.00 0.00 ; Trained episode: 1
Episode:  430 controlled agent:  1 ; Episode Return:  -499.0 ; win rate(controlled & opponent):  0.00 0.00 ; Trained episode: 1
Episode:  431 controlled agent:  1 ; Episode Return:  -499.0 ; win rate(controlled & opponent):  0.00 0.00 ; Trained episode: 1
Episode:  432 controlled agent:  1 ; Episode Return:  -499.0 ; win rate(controlled & opponent):  0.00 0.00 ; Trained episode: 1
Episode:  433 controlled agent:  1 ; Episode Return:  -499.0 ; win rate(controlled & opponent):  0.00 0.00 ; Trained episode: 1
Episode:  434 controlled agent:  1 ; Episode Return:  -499.0 ; win rate(controlled & opponent):  0.00 0.00 ; Trained episode: 1
Episode:  435 controlled agent:  1 ; Episode Return:  -499.0 ; win rate(controlled & opponent):  0.00 0.00 ; Trained episode: 1
Episode:  436 controlled agent:  1 ; Episode Return:  -499.0 ; win rate(controlled & opponent):  0.00 0.00 ; Trained episode: 1
Episode:  437 controlled agent:  1 ; Episode Return:  -499.0 ; win rate(controlled & opponent):  0.00 0.00 ; Trained episode: 1
Episode:  438 controlled agent:  1 ; Episode Return:  -499.0 ; win rate(controlled & opponent):  0.00 0.00 ; Trained episode: 1
Episode:  439 controlled agent:  1 ; Episode Return:  -499.0 ; win rate(controlled & opponent):  0.00 0.00 ; Trained episode: 1
Episode:  440 controlled agent:  1 ; Episode Return:  -499.0 ; win rate(controlled & opponent):  0.00 0.00 ; Trained episode: 1
Episode:  441 controlled agent:  1 ; Episode Return:  -499.0 ; win rate(controlled & opponent):  0.00 0.00 ; Trained episode: 1
Episode:  442 controlled agent:  1 ; Episode Return:  -499.0 ; win rate(controlled & opponent):  0.00 0.00 ; Trained episode: 1
Episode:  443 controlled agent:  1 ; Episode Return:  -499.0 ; win rate(controlled & opponent):  0.00 0.00 ; Trained episode: 1
Episode:  444 controlled agent:  1 ; Episode Return:  -499.0 ; win rate(controlled & opponent):  0.00 0.00 ; Trained episode: 1
Episode:  445 controlled agent:  1 ; Episode Return:  -499.0 ; win rate(controlled & opponent):  0.00 0.00 ; Trained episode: 1
Episode:  446 controlled agent:  1 ; Episode Return:  -499.0 ; win rate(controlled & opponent):  0.00 0.00 ; Trained episode: 1
Episode:  447 controlled agent:  1 ; Episode Return:  -499.0 ; win rate(controlled & opponent):  0.00 0.00 ; Trained episode: 1
Episode:  448 controlled agent:  1 ; Episode Return:  -499.0 ; win rate(controlled & opponent):  0.00 0.00 ; Trained episode: 1
Episode:  449 controlled agent:  1 ; Episode Return:  -499.0 ; win rate(controlled & opponent):  0.00 0.00 ; Trained episode: 1
Episode:  450 controlled agent:  1 ; Episode Return:  -499.0 ; win rate(controlled & opponent):  0.00 0.00 ; Trained episode: 1
Episode:  451 controlled agent:  1 ; Episode Return:  -499.0 ; win rate(controlled & opponent):  0.00 0.00 ; Trained episode: 1
Episode:  452 controlled agent:  1 ; Episode Return:  -499.0 ; win rate(controlled & opponent):  0.00 0.00 ; Trained episode: 1
Episode:  453 controlled agent:  1 ; Episode Return:  -499.0 ; win rate(controlled & opponent):  0.00 0.00 ; Trained episode: 1
Episode:  454 controlled agent:  1 ; Episode Return:  -499.0 ; win rate(controlled & opponent):  0.00 0.00 ; Trained episode: 1
Episode:  455 controlled agent:  1 ; Episode Return:  -499.0 ; win rate(controlled & opponent):  0.00 0.00 ; Trained episode: 1
Episode:  456 controlled agent:  1 ; Episode Return:  -499.0 ; win rate(controlled & opponent):  0.00 0.00 ; Trained episode: 1
Episode:  457 controlled agent:  1 ; Episode Return:  -499.0 ; win rate(controlled & opponent):  0.00 0.00 ; Trained episode: 1
Episode:  458 controlled agent:  1 ; Episode Return:  -499.0 ; win rate(controlled & opponent):  0.00 0.00 ; Trained episode: 1
Episode:  459 controlled agent:  1 ; Episode Return:  -499.0 ; win rate(controlled & opponent):  0.00 0.00 ; Trained episode: 1
Episode:  460 controlled agent:  1 ; Episode Return:  -499.0 ; win rate(controlled & opponent):  0.00 0.00 ; Trained episode: 1
Episode:  461 controlled agent:  1 ; Episode Return:  -499.0 ; win rate(controlled & opponent):  0.00 0.00 ; Trained episode: 1
Episode:  462 controlled agent:  1 ; Episode Return:  -499.0 ; win rate(controlled & opponent):  0.00 0.00 ; Trained episode: 1
Episode:  463 controlled agent:  1 ; Episode Return:  -499.0 ; win rate(controlled & opponent):  0.00 0.00 ; Trained episode: 1
Episode:  464 controlled agent:  1 ; Episode Return:  -499.0 ; win rate(controlled & opponent):  0.00 0.00 ; Trained episode: 1
Episode:  465 controlled agent:  1 ; Episode Return:  -499.0 ; win rate(controlled & opponent):  0.00 0.00 ; Trained episode: 1
Episode:  466 controlled agent:  1 ; Episode Return:  -499.0 ; win rate(controlled & opponent):  0.00 0.00 ; Trained episode: 1
Episode:  467 controlled agent:  1 ; Episode Return:  -499.0 ; win rate(controlled & opponent):  0.00 0.00 ; Trained episode: 1
Episode:  468 controlled agent:  1 ; Episode Return:  -499.0 ; win rate(controlled & opponent):  0.00 0.00 ; Trained episode: 1
Episode:  469 controlled agent:  1 ; Episode Return:  -499.0 ; win rate(controlled & opponent):  0.00 0.00 ; Trained episode: 1
Episode:  470 controlled agent:  1 ; Episode Return:  -499.0 ; win rate(controlled & opponent):  0.00 0.00 ; Trained episode: 1
Episode:  471 controlled agent:  1 ; Episode Return:  -499.0 ; win rate(controlled & opponent):  0.00 0.00 ; Trained episode: 1
Episode:  472 controlled agent:  1 ; Episode Return:  -499.0 ; win rate(controlled & opponent):  0.00 0.00 ; Trained episode: 1
Episode:  473 controlled agent:  1 ; Episode Return:  -499.0 ; win rate(controlled & opponent):  0.00 0.00 ; Trained episode: 1
Episode:  474 controlled agent:  1 ; Episode Return:  -499.0 ; win rate(controlled & opponent):  0.00 0.00 ; Trained episode: 1
Episode:  475 controlled agent:  1 ; Episode Return:  -499.0 ; win rate(controlled & opponent):  0.00 0.00 ; Trained episode: 1
Episode:  476 controlled agent:  1 ; Episode Return:  -499.0 ; win rate(controlled & opponent):  0.00 0.00 ; Trained episode: 1
Episode:  477 controlled agent:  1 ; Episode Return:  -499.0 ; win rate(controlled & opponent):  0.00 0.00 ; Trained episode: 1
Episode:  478 controlled agent:  1 ; Episode Return:  -499.0 ; win rate(controlled & opponent):  0.00 0.00 ; Trained episode: 1
Episode:  479 controlled agent:  1 ; Episode Return:  -499.0 ; win rate(controlled & opponent):  0.00 0.00 ; Trained episode: 1
Episode:  480 controlled agent:  1 ; Episode Return:  -499.0 ; win rate(controlled & opponent):  0.00 0.00 ; Trained episode: 1
Episode:  481 controlled agent:  1 ; Episode Return:  -499.0 ; win rate(controlled & opponent):  0.00 0.00 ; Trained episode: 1
Episode:  482 controlled agent:  1 ; Episode Return:  -499.0 ; win rate(controlled & opponent):  0.00 0.00 ; Trained episode: 1
Episode:  483 controlled agent:  1 ; Episode Return:  -499.0 ; win rate(controlled & opponent):  0.00 0.00 ; Trained episode: 1
Episode:  484 controlled agent:  1 ; Episode Return:  -499.0 ; win rate(controlled & opponent):  0.00 0.00 ; Trained episode: 1
Episode:  485 controlled agent:  1 ; Episode Return:  -499.0 ; win rate(controlled & opponent):  0.00 0.00 ; Trained episode: 1
Episode:  486 controlled agent:  1 ; Episode Return:  -499.0 ; win rate(controlled & opponent):  0.00 0.00 ; Trained episode: 1
Episode:  487 controlled agent:  1 ; Episode Return:  -499.0 ; win rate(controlled & opponent):  0.00 0.00 ; Trained episode: 1
Episode:  488 controlled agent:  1 ; Episode Return:  -499.0 ; win rate(controlled & opponent):  0.00 0.00 ; Trained episode: 1
Episode:  489 controlled agent:  1 ; Episode Return:  -499.0 ; win rate(controlled & opponent):  0.00 0.00 ; Trained episode: 1
Episode:  490 controlled agent:  1 ; Episode Return:  -499.0 ; win rate(controlled & opponent):  0.00 0.00 ; Trained episode: 1
Episode:  491 controlled agent:  1 ; Episode Return:  -499.0 ; win rate(controlled & opponent):  0.00 0.00 ; Trained episode: 1
Episode:  492 controlled agent:  1 ; Episode Return:  -499.0 ; win rate(controlled & opponent):  0.00 0.00 ; Trained episode: 1
Episode:  493 controlled agent:  1 ; Episode Return:  -499.0 ; win rate(controlled & opponent):  0.00 0.00 ; Trained episode: 1
Episode:  494 controlled agent:  1 ; Episode Return:  -499.0 ; win rate(controlled & opponent):  0.00 0.00 ; Trained episode: 1
Episode:  495 controlled agent:  1 ; Episode Return:  -499.0 ; win rate(controlled & opponent):  0.00 0.00 ; Trained episode: 1
Episode:  496 controlled agent:  1 ; Episode Return:  -499.0 ; win rate(controlled & opponent):  0.00 0.00 ; Trained episode: 1
Episode:  497 controlled agent:  1 ; Episode Return:  -499.0 ; win rate(controlled & opponent):  0.00 0.00 ; Trained episode: 1
Episode:  498 controlled agent:  1 ; Episode Return:  -499.0 ; win rate(controlled & opponent):  0.00 0.00 ; Trained episode: 1
Episode:  499 controlled agent:  1 ; Episode Return:  -499.0 ; win rate(controlled & opponent):  0.00 0.00 ; Trained episode: 1
Episode:  500 controlled agent:  1 ; Episode Return:  -499.0 ; win rate(controlled & opponent):  0.00 0.00 ; Trained episode: 1
Episode:  501 controlled agent:  1 ; Episode Return:  -499.0 ; win rate(controlled & opponent):  0.00 0.00 ; Trained episode: 1
Episode:  502 controlled agent:  1 ; Episode Return:  -499.0 ; win rate(controlled & opponent):  0.00 0.00 ; Trained episode: 1
Episode:  503 controlled agent:  1 ; Episode Return:  -499.0 ; win rate(controlled & opponent):  0.00 0.00 ; Trained episode: 1
Episode:  504 controlled agent:  1 ; Episode Return:  -499.0 ; win rate(controlled & opponent):  0.00 0.00 ; Trained episode: 1
Episode:  505 controlled agent:  1 ; Episode Return:  -499.0 ; win rate(controlled & opponent):  0.00 0.00 ; Trained episode: 1
Episode:  506 controlled agent:  1 ; Episode Return:  -499.0 ; win rate(controlled & opponent):  0.00 0.00 ; Trained episode: 1
Episode:  507 controlled agent:  1 ; Episode Return:  -499.0 ; win rate(controlled & opponent):  0.00 0.00 ; Trained episode: 1
Episode:  508 controlled agent:  1 ; Episode Return:  -499.0 ; win rate(controlled & opponent):  0.00 0.00 ; Trained episode: 1
Episode:  509 controlled agent:  1 ; Episode Return:  -499.0 ; win rate(controlled & opponent):  0.00 0.00 ; Trained episode: 1
Episode:  510 controlled agent:  1 ; Episode Return:  -499.0 ; win rate(controlled & opponent):  0.00 0.00 ; Trained episode: 1
Episode:  511 controlled agent:  1 ; Episode Return:  -499.0 ; win rate(controlled & opponent):  0.00 0.00 ; Trained episode: 1
Episode:  512 controlled agent:  1 ; Episode Return:  -499.0 ; win rate(controlled & opponent):  0.00 0.00 ; Trained episode: 1
Episode:  513 controlled agent:  1 ; Episode Return:  -499.0 ; win rate(controlled & opponent):  0.00 0.00 ; Trained episode: 1
Episode:  514 controlled agent:  1 ; Episode Return:  -499.0 ; win rate(controlled & opponent):  0.00 0.00 ; Trained episode: 1
Episode:  515 controlled agent:  1 ; Episode Return:  -499.0 ; win rate(controlled & opponent):  0.00 0.00 ; Trained episode: 1
Episode:  516 controlled agent:  1 ; Episode Return:  -499.0 ; win rate(controlled & opponent):  0.00 0.00 ; Trained episode: 1
Episode:  517 controlled agent:  1 ; Episode Return:  -499.0 ; win rate(controlled & opponent):  0.00 0.00 ; Trained episode: 1
Episode:  518 controlled agent:  1 ; Episode Return:  -499.0 ; win rate(controlled & opponent):  0.00 0.00 ; Trained episode: 1
Episode:  519 controlled agent:  1 ; Episode Return:  -499.0 ; win rate(controlled & opponent):  0.00 0.00 ; Trained episode: 1
Episode:  520 controlled agent:  1 ; Episode Return:  -499.0 ; win rate(controlled & opponent):  0.00 0.00 ; Trained episode: 1
Episode:  521 controlled agent:  1 ; Episode Return:  -499.0 ; win rate(controlled & opponent):  0.00 0.00 ; Trained episode: 1
Episode:  522 controlled agent:  1 ; Episode Return:  -499.0 ; win rate(controlled & opponent):  0.00 0.00 ; Trained episode: 1
Episode:  523 controlled agent:  1 ; Episode Return:  -499.0 ; win rate(controlled & opponent):  0.00 0.00 ; Trained episode: 1
Episode:  524 controlled agent:  1 ; Episode Return:  -499.0 ; win rate(controlled & opponent):  0.00 0.00 ; Trained episode: 1
Episode:  525 controlled agent:  1 ; Episode Return:  -499.0 ; win rate(controlled & opponent):  0.00 0.00 ; Trained episode: 1
Episode:  526 controlled agent:  1 ; Episode Return:  -449.0 ; win rate(controlled & opponent):  0.00 0.01 ; Trained episode: 1
Episode:  527 controlled agent:  1 ; Episode Return:  -499.0 ; win rate(controlled & opponent):  0.00 0.01 ; Trained episode: 1
Episode:  528 controlled agent:  1 ; Episode Return:  -499.0 ; win rate(controlled & opponent):  0.00 0.01 ; Trained episode: 1
Episode:  529 controlled agent:  1 ; Episode Return:  -499.0 ; win rate(controlled & opponent):  0.00 0.01 ; Trained episode: 1
Episode:  530 controlled agent:  1 ; Episode Return:  -499.0 ; win rate(controlled & opponent):  0.00 0.01 ; Trained episode: 1
Episode:  531 controlled agent:  1 ; Episode Return:  -499.0 ; win rate(controlled & opponent):  0.00 0.01 ; Trained episode: 1
Episode:  532 controlled agent:  1 ; Episode Return:  -499.0 ; win rate(controlled & opponent):  0.00 0.01 ; Trained episode: 1
Episode:  533 controlled agent:  1 ; Episode Return:  -499.0 ; win rate(controlled & opponent):  0.00 0.01 ; Trained episode: 1
Episode:  534 controlled agent:  1 ; Episode Return:  -499.0 ; win rate(controlled & opponent):  0.00 0.01 ; Trained episode: 1
Episode:  535 controlled agent:  1 ; Episode Return:  -499.0 ; win rate(controlled & opponent):  0.00 0.01 ; Trained episode: 1
Episode:  536 controlled agent:  1 ; Episode Return:  -499.0 ; win rate(controlled & opponent):  0.00 0.01 ; Trained episode: 1
Episode:  537 controlled agent:  1 ; Episode Return:  -499.0 ; win rate(controlled & opponent):  0.00 0.01 ; Trained episode: 1
Episode:  538 controlled agent:  1 ; Episode Return:  -499.0 ; win rate(controlled & opponent):  0.00 0.01 ; Trained episode: 1
Episode:  539 controlled agent:  1 ; Episode Return:  -499.0 ; win rate(controlled & opponent):  0.00 0.01 ; Trained episode: 1
Episode:  540 controlled agent:  1 ; Episode Return:  -499.0 ; win rate(controlled & opponent):  0.00 0.01 ; Trained episode: 1
Episode:  541 controlled agent:  1 ; Episode Return:  -499.0 ; win rate(controlled & opponent):  0.00 0.01 ; Trained episode: 1
Episode:  542 controlled agent:  1 ; Episode Return:  -499.0 ; win rate(controlled & opponent):  0.00 0.01 ; Trained episode: 1
Episode:  543 controlled agent:  1 ; Episode Return:  -499.0 ; win rate(controlled & opponent):  0.00 0.01 ; Trained episode: 1
Episode:  544 controlled agent:  1 ; Episode Return:  -499.0 ; win rate(controlled & opponent):  0.00 0.01 ; Trained episode: 1
Episode:  545 controlled agent:  1 ; Episode Return:  -499.0 ; win rate(controlled & opponent):  0.00 0.01 ; Trained episode: 1
Episode:  546 controlled agent:  1 ; Episode Return:  -499.0 ; win rate(controlled & opponent):  0.00 0.01 ; Trained episode: 1
Episode:  547 controlled agent:  1 ; Episode Return:  -499.0 ; win rate(controlled & opponent):  0.00 0.01 ; Trained episode: 1
Episode:  548 controlled agent:  1 ; Episode Return:  -499.0 ; win rate(controlled & opponent):  0.00 0.01 ; Trained episode: 1
Episode:  549 controlled agent:  1 ; Episode Return:  -499.0 ; win rate(controlled & opponent):  0.00 0.01 ; Trained episode: 1
